#
# There is insufficient memory for the Java Runtime Environment to continue.
# Native memory allocation (malloc) failed to allocate 1048576 bytes for AllocateHeap
# Possible reasons:
#   The system is out of physical RAM or swap space
#   The process is running with CompressedOops enabled, and the Java Heap may be blocking the growth of the native heap
# Possible solutions:
#   Reduce memory load on the system
#   Increase physical memory or swap space
#   Check if swap backing store is full
#   Decrease Java heap size (-Xmx/-Xms)
#   Decrease number of Java threads
#   Decrease Java thread stack sizes (-Xss)
#   Set larger code cache with -XX:ReservedCodeCacheSize=
#   JVM is running with Unscaled Compressed Oops mode in which the Java heap is
#     placed in the first 4GB address space. The Java Heap base address is the
#     maximum limit for the native heap growth. Please use -XX:HeapBaseMinAddress
#     to set the Java Heap base and to place the Java Heap above 4GB virtual address.
# This output file may be truncated or incomplete.
#
#  Out of Memory Error (allocation.cpp:44), pid=16196, tid=11940
#
# JRE version: OpenJDK Runtime Environment Temurin-17.0.5+8 (17.0.5+8) (build 17.0.5+8)
# Java VM: OpenJDK 64-Bit Server VM Temurin-17.0.5+8 (17.0.5+8, mixed mode, emulated-client, tiered, compressed oops, compressed class ptrs, g1 gc, windows-amd64)
# No core dump will be written. Minidumps are not enabled by default on client versions of Windows
#

---------------  S U M M A R Y ------------

Command Line: -XX:+HeapDumpOnOutOfMemoryError -Xmx1024m -Dsts.lsp.client=vscode -Dsts.log.file=/dev/null -XX:TieredStopAtLevel=1 -Xlog:jni+resolve=off -Dspring.config.location=file:c:\Users\betaz\.vscode\extensions\vmware.vscode-spring-boot-1.44.0\language-server\BOOT-INF\classes\application.properties org.springframework.ide.vscode.boot.app.BootLanguageServerBootApp

Host: Intel(R) Core(TM) i5-4460  CPU @ 3.20GHz, 4 cores, 7G,  Windows 10 , 64 bit Build 19041 (10.0.19041.2364)
Time: Thu Feb  9 21:30:43 2023 Hora estándar romance elapsed time: 429.273729 seconds (0d 0h 7m 9s)

---------------  T H R E A D  ---------------

Current thread (0x000001a43719e5e0):  VMThread "VM Thread" [stack: 0x00000084cfc00000,0x00000084cfd00000] [id=11940]

Stack: [0x00000084cfc00000,0x00000084cfd00000]
Native frames: (J=compiled Java code, j=interpreted, Vv=VM code, C=native code)
V  [jvm.dll+0x676b3a]
V  [jvm.dll+0x831444]
V  [jvm.dll+0x832bee]
V  [jvm.dll+0x833253]
V  [jvm.dll+0x244ce5]
V  [jvm.dll+0xa631f]
V  [jvm.dll+0x2f4f03]
V  [jvm.dll+0x2f0c10]
V  [jvm.dll+0x2d92f7]
V  [jvm.dll+0x31c3b7]
V  [jvm.dll+0x8376fb]
V  [jvm.dll+0x838434]
V  [jvm.dll+0x83894c]
V  [jvm.dll+0x838d24]
V  [jvm.dll+0x838df0]
V  [jvm.dll+0x7e17ea]
V  [jvm.dll+0x6759e5]
C  [ucrtbase.dll+0x21bb2]
C  [KERNEL32.DLL+0x17614]
C  [ntdll.dll+0x526a1]

VM_Operation (0x00000084d0fff160): G1CollectFull, mode: safepoint, requested by thread 0x000001a4385ac2e0


---------------  P R O C E S S  ---------------

Threads class SMR info:
_java_thread_list=0x000001a43cbada20, length=24, elements={
0x000001a4371b6750, 0x000001a4371b72d0, 0x000001a4371e5a40, 0x000001a4371e65c0,
0x000001a4371e7e90, 0x000001a4371e8750, 0x000001a4371e90c0, 0x000001a437c1a010,
0x000001a437de6d30, 0x000001a437df5c30, 0x000001a43872bff0, 0x000001a4385abe10,
0x000001a4385ac2e0, 0x000001a439cc9f90, 0x000001a42cc61640, 0x000001a43996c030,
0x000001a439d6dff0, 0x000001a439d75530, 0x000001a439d77210, 0x000001a43c14f9f0,
0x000001a43c14c9d0, 0x000001a43c14dd10, 0x000001a43c1499b0, 0x000001a43c14bb60
}

Java Threads: ( => current thread )
  0x000001a4371b6750 JavaThread "Reference Handler" daemon [_thread_blocked, id=9384, stack(0x00000084cfd00000,0x00000084cfe00000)]
  0x000001a4371b72d0 JavaThread "Finalizer" daemon [_thread_blocked, id=9872, stack(0x00000084cfe00000,0x00000084cff00000)]
  0x000001a4371e5a40 JavaThread "Signal Dispatcher" daemon [_thread_blocked, id=10252, stack(0x00000084cff00000,0x00000084d0000000)]
  0x000001a4371e65c0 JavaThread "Attach Listener" daemon [_thread_blocked, id=13604, stack(0x00000084d0000000,0x00000084d0100000)]
  0x000001a4371e7e90 JavaThread "Service Thread" daemon [_thread_blocked, id=13792, stack(0x00000084d0100000,0x00000084d0200000)]
  0x000001a4371e8750 JavaThread "Monitor Deflation Thread" daemon [_thread_blocked, id=7952, stack(0x00000084d0200000,0x00000084d0300000)]
  0x000001a4371e90c0 JavaThread "C1 CompilerThread0" daemon [_thread_blocked, id=12276, stack(0x00000084d0300000,0x00000084d0400000)]
  0x000001a437c1a010 JavaThread "Sweeper thread" daemon [_thread_blocked, id=8612, stack(0x00000084d0400000,0x00000084d0500000)]
  0x000001a437de6d30 JavaThread "Notification Thread" daemon [_thread_blocked, id=9008, stack(0x00000084d0600000,0x00000084d0700000)]
  0x000001a437df5c30 JavaThread "Common-Cleaner" daemon [_thread_blocked, id=18024, stack(0x00000084d0900000,0x00000084d0a00000)]
  0x000001a43872bff0 JavaThread "boundedElastic-evictor-1" daemon [_thread_blocked, id=4184, stack(0x00000084d0d00000,0x00000084d0e00000)]
  0x000001a4385abe10 JavaThread "boundedElastic-evictor-2" daemon [_thread_blocked, id=15084, stack(0x00000084d0e00000,0x00000084d0f00000)]
  0x000001a4385ac2e0 JavaThread "pool-10-thread-1" [_thread_blocked, id=7268, stack(0x00000084d0f00000,0x00000084d1000000)]
  0x000001a439cc9f90 JavaThread "LanguageServerApp-lifecycle" [_thread_blocked, id=12080, stack(0x00000084d1000000,0x00000084d1100000)]
  0x000001a42cc61640 JavaThread "DestroyJavaVM" [_thread_blocked, id=7416, stack(0x00000084cf600000,0x00000084cf700000)]
  0x000001a43996c030 JavaThread "pool-11-thread-1" [_thread_in_native, id=11620, stack(0x00000084d1100000,0x00000084d1200000)]
  0x000001a439d6dff0 JavaThread "Simple-Language-Server main thread" daemon [_thread_blocked, id=9528, stack(0x00000084d1200000,0x00000084d1300000)]
  0x000001a439d75530 JavaThread "pool-6-thread-1" [_thread_blocked, id=16328, stack(0x00000084d1600000,0x00000084d1700000)]
  0x000001a439d77210 JavaThread "parallel-1" daemon [_thread_blocked, id=16660, stack(0x00000084d2000000,0x00000084d2100000)]
  0x000001a43c14f9f0 JavaThread "pool-4-thread-1" [_thread_blocked, id=9184, stack(0x00000084d2500000,0x00000084d2600000)]
  0x000001a43c14c9d0 JavaThread "parallel-2" daemon [_thread_blocked, id=13396, stack(0x00000084d2600000,0x00000084d2700000)]
  0x000001a43c14dd10 JavaThread "parallel-3" daemon [_thread_blocked, id=3556, stack(0x00000084d2700000,0x00000084d2800000)]
  0x000001a43c1499b0 JavaThread "parallel-4" daemon [_thread_blocked, id=11412, stack(0x00000084d1800000,0x00000084d1900000)]
  0x000001a43c14bb60 JavaThread "Reconciler-1" daemon [_thread_blocked, id=800, stack(0x00000084d1900000,0x00000084d1a00000)]

Other Threads:
=>0x000001a43719e5e0 VMThread "VM Thread" [stack: 0x00000084cfc00000,0x00000084cfd00000] [id=11940]
  0x000001a437deb210 WatcherThread [stack: 0x00000084d0700000,0x00000084d0800000] [id=12380]
  0x000001a42cc9dad0 GCTaskThread "GC Thread#0" [stack: 0x00000084cf700000,0x00000084cf800000] [id=1512]
  0x000001a4384dc4d0 GCTaskThread "GC Thread#1" [stack: 0x00000084d0a00000,0x00000084d0b00000] [id=16060]
  0x000001a43853b980 GCTaskThread "GC Thread#2" [stack: 0x00000084d0b00000,0x00000084d0c00000] [id=10360]
  0x000001a4394110a0 GCTaskThread "GC Thread#3" [stack: 0x00000084d0c00000,0x00000084d0d00000] [id=10836]
  0x000001a42cca6820 ConcurrentGCThread "G1 Main Marker" [stack: 0x00000084cf800000,0x00000084cf900000] [id=10352]
  0x000001a42cca7130 ConcurrentGCThread "G1 Conc#0" [stack: 0x00000084cf900000,0x00000084cfa00000] [id=13148]
  0x000001a42cd1b0c0 ConcurrentGCThread "G1 Refine#0" [stack: 0x00000084cfa00000,0x00000084cfb00000] [id=3428]
  0x000001a437d97c00 ConcurrentGCThread "G1 Refine#1" [stack: 0x00000084d2300000,0x00000084d2400000] [id=15892]
  0x000001a437d97ee0 ConcurrentGCThread "G1 Refine#2" [stack: 0x00000084d2400000,0x00000084d2500000] [id=13300]
  0x000001a43c5a7f40 ConcurrentGCThread "G1 Refine#3" [stack: 0x00000084d2900000,0x00000084d2a00000] [id=15824]
  0x000001a42cd1c9f0 ConcurrentGCThread "G1 Service" [stack: 0x00000084cfb00000,0x00000084cfc00000] [id=4224]

Threads with active compile tasks:

VM state: at safepoint (normal execution)

VM Mutex/Monitor currently owned by a thread:  ([mutex/lock_event])
[0x000001a42cc5cd80] Threads_lock - owner thread: 0x000001a43719e5e0
[0x000001a42cc5d9e0] Heap_lock - owner thread: 0x000001a4385ac2e0

Heap address: 0x00000000c0000000, size: 1024 MB, Compressed Oops mode: 32-bit

CDS archive(s) not mapped
Compressed class space mapped at: 0x0000000100000000-0x0000000140000000, reserved size: 1073741824
Narrow klass base: 0x0000000000000000, Narrow klass shift: 3, Narrow klass range: 0x140000000

GC Precious Log:
 CPUs: 4 total, 4 available
 Memory: 8085M
 Large Page Support: Disabled
 NUMA Support: Disabled
 Compressed Oops: Enabled (32-bit)
 Heap Region Size: 1M
 Heap Min Capacity: 8M
 Heap Initial Capacity: 128M
 Heap Max Capacity: 1G
 Pre-touch: Disabled
 Parallel Workers: 4
 Concurrent Workers: 1
 Concurrent Refinement Workers: 4
 Periodic GC: Disabled

Heap:
 garbage-first heap   total 266240K, used 79034K [0x00000000c0000000, 0x0000000100000000)
  region size 1024K, 1 young (1024K), 0 survivors (0K)
 Metaspace       used 69046K, committed 69824K, reserved 1114112K
  class space    used 9352K, committed 9664K, reserved 1048576K

Heap Regions: E=young(eden), S=young(survivor), O=old, HS=humongous(starts), HC=humongous(continues), CS=collection set, F=free, OA=open archive, CA=closed archive, TAMS=top-at-mark-start (previous, next)
|   0|0x00000000c0000000, 0x00000000c0100000, 0x00000000c0100000|100%| O|  |TAMS 0x00000000c0100000, 0x00000000c0000000| Untracked 
|   1|0x00000000c0100000, 0x00000000c0200000, 0x00000000c0200000|100%| O|  |TAMS 0x00000000c0200000, 0x00000000c0100000| Untracked 
|   2|0x00000000c0200000, 0x00000000c02fffe0, 0x00000000c0300000| 99%| O|  |TAMS 0x00000000c02fffe0, 0x00000000c0200000| Untracked 
|   3|0x00000000c0300000, 0x00000000c0400000, 0x00000000c0400000|100%| O|  |TAMS 0x00000000c0400000, 0x00000000c0300000| Untracked 
|   4|0x00000000c0400000, 0x00000000c0500000, 0x00000000c0500000|100%| O|  |TAMS 0x00000000c0500000, 0x00000000c0400000| Untracked 
|   5|0x00000000c0500000, 0x00000000c0600000, 0x00000000c0600000|100%| O|  |TAMS 0x00000000c0600000, 0x00000000c0500000| Untracked 
|   6|0x00000000c0600000, 0x00000000c0700000, 0x00000000c0700000|100%| O|  |TAMS 0x00000000c0700000, 0x00000000c0600000| Untracked 
|   7|0x00000000c0700000, 0x00000000c07ffff0, 0x00000000c0800000| 99%| O|  |TAMS 0x00000000c07ffff0, 0x00000000c0700000| Untracked 
|   8|0x00000000c0800000, 0x00000000c08ffff8, 0x00000000c0900000| 99%| O|  |TAMS 0x00000000c08ffff8, 0x00000000c0800000| Untracked 
|   9|0x00000000c0900000, 0x00000000c09ffff8, 0x00000000c0a00000| 99%| O|  |TAMS 0x00000000c09ffff8, 0x00000000c0900000| Untracked 
|  10|0x00000000c0a00000, 0x00000000c0b00000, 0x00000000c0b00000|100%| O|  |TAMS 0x00000000c0b00000, 0x00000000c0a00000| Untracked 
|  11|0x00000000c0b00000, 0x00000000c0bfffd0, 0x00000000c0c00000| 99%| O|  |TAMS 0x00000000c0bfffd0, 0x00000000c0b00000| Untracked 
|  12|0x00000000c0c00000, 0x00000000c0cfffb8, 0x00000000c0d00000| 99%| O|  |TAMS 0x00000000c0cfffb8, 0x00000000c0c00000| Untracked 
|  13|0x00000000c0d00000, 0x00000000c0e00000, 0x00000000c0e00000|100%| O|  |TAMS 0x00000000c0e00000, 0x00000000c0d00000| Untracked 
|  14|0x00000000c0e00000, 0x00000000c0efffc8, 0x00000000c0f00000| 99%| O|  |TAMS 0x00000000c0efffc8, 0x00000000c0e00000| Untracked 
|  15|0x00000000c0f00000, 0x00000000c0fffff8, 0x00000000c1000000| 99%| O|  |TAMS 0x00000000c0fffff8, 0x00000000c0f00000| Untracked 
|  16|0x00000000c1000000, 0x00000000c1100000, 0x00000000c1100000|100%| O|  |TAMS 0x00000000c1100000, 0x00000000c1000000| Untracked 
|  17|0x00000000c1100000, 0x00000000c11fffa0, 0x00000000c1200000| 99%| O|  |TAMS 0x00000000c11fffa0, 0x00000000c1100000| Untracked 
|  18|0x00000000c1200000, 0x00000000c12ffe90, 0x00000000c1300000| 99%| O|  |TAMS 0x00000000c12ffe90, 0x00000000c1200000| Untracked 
|  19|0x00000000c1300000, 0x00000000c1400000, 0x00000000c1400000|100%| O|  |TAMS 0x00000000c1400000, 0x00000000c1300000| Untracked 
|  20|0x00000000c1400000, 0x00000000c14ffa38, 0x00000000c1500000| 99%| O|  |TAMS 0x00000000c14ffa38, 0x00000000c1400000| Untracked 
|  21|0x00000000c1500000, 0x00000000c15fffd8, 0x00000000c1600000| 99%| O|  |TAMS 0x00000000c15fffd8, 0x00000000c1500000| Untracked 
|  22|0x00000000c1600000, 0x00000000c16ffff8, 0x00000000c1700000| 99%| O|  |TAMS 0x00000000c16ffff8, 0x00000000c1600000| Untracked 
|  23|0x00000000c1700000, 0x00000000c17ffff8, 0x00000000c1800000| 99%| O|  |TAMS 0x00000000c17ffff8, 0x00000000c1700000| Untracked 
|  24|0x00000000c1800000, 0x00000000c1900000, 0x00000000c1900000|100%| O|  |TAMS 0x00000000c1900000, 0x00000000c1800000| Untracked 
|  25|0x00000000c1900000, 0x00000000c19fffc8, 0x00000000c1a00000| 99%| O|  |TAMS 0x00000000c19fffc8, 0x00000000c1900000| Untracked 
|  26|0x00000000c1a00000, 0x00000000c1afffe8, 0x00000000c1b00000| 99%| O|  |TAMS 0x00000000c1afffe8, 0x00000000c1a00000| Untracked 
|  27|0x00000000c1b00000, 0x00000000c1c00000, 0x00000000c1c00000|100%| O|  |TAMS 0x00000000c1c00000, 0x00000000c1b00000| Untracked 
|  28|0x00000000c1c00000, 0x00000000c1cfffe0, 0x00000000c1d00000| 99%| O|  |TAMS 0x00000000c1cfffe0, 0x00000000c1c00000| Untracked 
|  29|0x00000000c1d00000, 0x00000000c1dfffd8, 0x00000000c1e00000| 99%| O|  |TAMS 0x00000000c1dfffd8, 0x00000000c1d00000| Untracked 
|  30|0x00000000c1e00000, 0x00000000c1efffd0, 0x00000000c1f00000| 99%| O|  |TAMS 0x00000000c1efffd0, 0x00000000c1e00000| Untracked 
|  31|0x00000000c1f00000, 0x00000000c2000000, 0x00000000c2000000|100%| O|  |TAMS 0x00000000c2000000, 0x00000000c1f00000| Untracked 
|  32|0x00000000c2000000, 0x00000000c20fffb8, 0x00000000c2100000| 99%| O|  |TAMS 0x00000000c20fffb8, 0x00000000c2000000| Untracked 
|  33|0x00000000c2100000, 0x00000000c21fd630, 0x00000000c2200000| 98%| O|  |TAMS 0x00000000c21fd630, 0x00000000c2100000| Untracked 
|  34|0x00000000c2200000, 0x00000000c22fffe8, 0x00000000c2300000| 99%| O|  |TAMS 0x00000000c22fffe8, 0x00000000c2200000| Untracked 
|  35|0x00000000c2300000, 0x00000000c23fffb0, 0x00000000c2400000| 99%| O|  |TAMS 0x00000000c23fffb0, 0x00000000c2300000| Untracked 
|  36|0x00000000c2400000, 0x00000000c24fffb8, 0x00000000c2500000| 99%| O|  |TAMS 0x00000000c24fffb8, 0x00000000c2400000| Untracked 
|  37|0x00000000c2500000, 0x00000000c25fff88, 0x00000000c2600000| 99%| O|  |TAMS 0x00000000c25fff88, 0x00000000c2500000| Untracked 
|  38|0x00000000c2600000, 0x00000000c26ff8d8, 0x00000000c2700000| 99%| O|  |TAMS 0x00000000c26ff8d8, 0x00000000c2600000| Untracked 
|  39|0x00000000c2700000, 0x00000000c27ffff0, 0x00000000c2800000| 99%| O|  |TAMS 0x00000000c27ffff0, 0x00000000c2700000| Untracked 
|  40|0x00000000c2800000, 0x00000000c28fffd8, 0x00000000c2900000| 99%| O|  |TAMS 0x00000000c28fffd8, 0x00000000c2800000| Untracked 
|  41|0x00000000c2900000, 0x00000000c29fffd0, 0x00000000c2a00000| 99%| O|  |TAMS 0x00000000c29fffd0, 0x00000000c2900000| Untracked 
|  42|0x00000000c2a00000, 0x00000000c2afffc8, 0x00000000c2b00000| 99%| O|  |TAMS 0x00000000c2afffc8, 0x00000000c2a00000| Untracked 
|  43|0x00000000c2b00000, 0x00000000c2ba12b0, 0x00000000c2c00000| 62%| O|  |TAMS 0x00000000c2b00000, 0x00000000c2b00000| Untracked 
|  44|0x00000000c2c00000, 0x00000000c2c91448, 0x00000000c2d00000| 56%| O|  |TAMS 0x00000000c2c00000, 0x00000000c2c00000| Untracked 
|  45|0x00000000c2d00000, 0x00000000c2dffff8, 0x00000000c2e00000| 99%| O|  |TAMS 0x00000000c2dffff8, 0x00000000c2d00000| Untracked 
|  46|0x00000000c2e00000, 0x00000000c2efffd0, 0x00000000c2f00000| 99%| O|  |TAMS 0x00000000c2efffd0, 0x00000000c2e00000| Untracked 
|  47|0x00000000c2f00000, 0x00000000c2fffff8, 0x00000000c3000000| 99%| O|  |TAMS 0x00000000c2fffff8, 0x00000000c2f00000| Untracked 
|  48|0x00000000c3000000, 0x00000000c30ffff8, 0x00000000c3100000| 99%| O|  |TAMS 0x00000000c30ffff8, 0x00000000c3000000| Untracked 
|  49|0x00000000c3100000, 0x00000000c31fffe0, 0x00000000c3200000| 99%| O|  |TAMS 0x00000000c31fffe0, 0x00000000c3100000| Untracked 
|  50|0x00000000c3200000, 0x00000000c3200000, 0x00000000c3300000|  0%| F|  |TAMS 0x00000000c3200000, 0x00000000c3200000| Untracked 
|  51|0x00000000c3300000, 0x00000000c3400000, 0x00000000c3400000|100%|HS|  |TAMS 0x00000000c3400000, 0x00000000c3300000| Untracked 
|  52|0x00000000c3400000, 0x00000000c3400000, 0x00000000c3500000|  0%| F|  |TAMS 0x00000000c3400000, 0x00000000c3400000| Untracked 
|  53|0x00000000c3500000, 0x00000000c35fffc0, 0x00000000c3600000| 99%| O|  |TAMS 0x00000000c35fffc0, 0x00000000c3500000| Untracked 
|  54|0x00000000c3600000, 0x00000000c36fffd8, 0x00000000c3700000| 99%| O|  |TAMS 0x00000000c36fffd8, 0x00000000c3600000| Untracked 
|  55|0x00000000c3700000, 0x00000000c37ffff0, 0x00000000c3800000| 99%| O|  |TAMS 0x00000000c37ffff0, 0x00000000c3700000| Untracked 
|  56|0x00000000c3800000, 0x00000000c3800000, 0x00000000c3900000|  0%| F|  |TAMS 0x00000000c3800000, 0x00000000c3800000| Untracked 
|  57|0x00000000c3900000, 0x00000000c3a00000, 0x00000000c3a00000|100%| O|  |TAMS 0x00000000c3a00000, 0x00000000c3900000| Untracked 
|  58|0x00000000c3a00000, 0x00000000c3b00000, 0x00000000c3b00000|100%| O|  |TAMS 0x00000000c3b00000, 0x00000000c3a00000| Untracked 
|  59|0x00000000c3b00000, 0x00000000c3b00000, 0x00000000c3c00000|  0%| F|  |TAMS 0x00000000c3b00000, 0x00000000c3b00000| Untracked 
|  60|0x00000000c3c00000, 0x00000000c3c00000, 0x00000000c3d00000|  0%| F|  |TAMS 0x00000000c3c00000, 0x00000000c3c00000| Untracked 
|  61|0x00000000c3d00000, 0x00000000c3d00000, 0x00000000c3e00000|  0%| F|  |TAMS 0x00000000c3d00000, 0x00000000c3d00000| Untracked 
|  62|0x00000000c3e00000, 0x00000000c3e00000, 0x00000000c3f00000|  0%| F|  |TAMS 0x00000000c3e00000, 0x00000000c3e00000| Untracked 
|  63|0x00000000c3f00000, 0x00000000c3ffffe8, 0x00000000c4000000| 99%| O|  |TAMS 0x00000000c3ffffe8, 0x00000000c3f00000| Untracked 
|  64|0x00000000c4000000, 0x00000000c4000000, 0x00000000c4100000|  0%| F|  |TAMS 0x00000000c4000000, 0x00000000c4000000| Untracked 
|  65|0x00000000c4100000, 0x00000000c4100000, 0x00000000c4200000|  0%| F|  |TAMS 0x00000000c4100000, 0x00000000c4100000| Untracked 
|  66|0x00000000c4200000, 0x00000000c4200000, 0x00000000c4300000|  0%| F|  |TAMS 0x00000000c4200000, 0x00000000c4200000| Untracked 
|  67|0x00000000c4300000, 0x00000000c4400000, 0x00000000c4400000|100%|HS|  |TAMS 0x00000000c4400000, 0x00000000c4300000| Untracked 
|  68|0x00000000c4400000, 0x00000000c44ffff8, 0x00000000c4500000| 99%| O|  |TAMS 0x00000000c44ffff8, 0x00000000c4400000| Untracked 
|  69|0x00000000c4500000, 0x00000000c4500000, 0x00000000c4600000|  0%| F|  |TAMS 0x00000000c4500000, 0x00000000c4500000| Untracked 
|  70|0x00000000c4600000, 0x00000000c46fffb8, 0x00000000c4700000| 99%| O|  |TAMS 0x00000000c46fffb8, 0x00000000c4600000| Untracked 
|  71|0x00000000c4700000, 0x00000000c4700000, 0x00000000c4800000|  0%| F|  |TAMS 0x00000000c4700000, 0x00000000c4700000| Untracked 
|  72|0x00000000c4800000, 0x00000000c4800000, 0x00000000c4900000|  0%| F|  |TAMS 0x00000000c4800000, 0x00000000c4800000| Untracked 
|  73|0x00000000c4900000, 0x00000000c49fffe0, 0x00000000c4a00000| 99%| O|  |TAMS 0x00000000c49fffe0, 0x00000000c4900000| Untracked 
|  74|0x00000000c4a00000, 0x00000000c4a00000, 0x00000000c4b00000|  0%| F|  |TAMS 0x00000000c4a00000, 0x00000000c4a00000| Untracked 
|  75|0x00000000c4b00000, 0x00000000c4b00000, 0x00000000c4c00000|  0%| F|  |TAMS 0x00000000c4b00000, 0x00000000c4b00000| Untracked 
|  76|0x00000000c4c00000, 0x00000000c4c00000, 0x00000000c4d00000|  0%| F|  |TAMS 0x00000000c4c00000, 0x00000000c4c00000| Untracked 
|  77|0x00000000c4d00000, 0x00000000c4d00000, 0x00000000c4e00000|  0%| F|  |TAMS 0x00000000c4d00000, 0x00000000c4d00000| Untracked 
|  78|0x00000000c4e00000, 0x00000000c4effff8, 0x00000000c4f00000| 99%| O|  |TAMS 0x00000000c4effff8, 0x00000000c4e00000| Untracked 
|  79|0x00000000c4f00000, 0x00000000c4fffff0, 0x00000000c5000000| 99%| O|  |TAMS 0x00000000c4fffff0, 0x00000000c4f00000| Untracked 
|  80|0x00000000c5000000, 0x00000000c5000000, 0x00000000c5100000|  0%| F|  |TAMS 0x00000000c5000000, 0x00000000c5000000| Untracked 
|  81|0x00000000c5100000, 0x00000000c5100000, 0x00000000c5200000|  0%| F|  |TAMS 0x00000000c5100000, 0x00000000c5100000| Untracked 
|  82|0x00000000c5200000, 0x00000000c52fffe0, 0x00000000c5300000| 99%| O|  |TAMS 0x00000000c52fffe0, 0x00000000c5200000| Untracked 
|  83|0x00000000c5300000, 0x00000000c5300000, 0x00000000c5400000|  0%| F|  |TAMS 0x00000000c5300000, 0x00000000c5300000| Untracked 
|  84|0x00000000c5400000, 0x00000000c5400000, 0x00000000c5500000|  0%| F|  |TAMS 0x00000000c5400000, 0x00000000c5400000| Untracked 
|  85|0x00000000c5500000, 0x00000000c5500000, 0x00000000c5600000|  0%| F|  |TAMS 0x00000000c5500000, 0x00000000c5500000| Untracked 
|  86|0x00000000c5600000, 0x00000000c5600000, 0x00000000c5700000|  0%| F|  |TAMS 0x00000000c5600000, 0x00000000c5600000| Untracked 
|  87|0x00000000c5700000, 0x00000000c5700000, 0x00000000c5800000|  0%| F|  |TAMS 0x00000000c5700000, 0x00000000c5700000| Untracked 
|  88|0x00000000c5800000, 0x00000000c5800000, 0x00000000c5900000|  0%| F|  |TAMS 0x00000000c5800000, 0x00000000c5800000| Untracked 
|  89|0x00000000c5900000, 0x00000000c5900000, 0x00000000c5a00000|  0%| F|  |TAMS 0x00000000c5900000, 0x00000000c5900000| Untracked 
|  90|0x00000000c5a00000, 0x00000000c5a00000, 0x00000000c5b00000|  0%| F|  |TAMS 0x00000000c5a00000, 0x00000000c5a00000| Untracked 
|  91|0x00000000c5b00000, 0x00000000c5b00000, 0x00000000c5c00000|  0%| F|  |TAMS 0x00000000c5b00000, 0x00000000c5b00000| Untracked 
|  92|0x00000000c5c00000, 0x00000000c5c00000, 0x00000000c5d00000|  0%| F|  |TAMS 0x00000000c5c00000, 0x00000000c5c00000| Untracked 
|  93|0x00000000c5d00000, 0x00000000c5d00000, 0x00000000c5e00000|  0%| F|  |TAMS 0x00000000c5d00000, 0x00000000c5d00000| Untracked 
|  94|0x00000000c5e00000, 0x00000000c5e00000, 0x00000000c5f00000|  0%| F|  |TAMS 0x00000000c5e00000, 0x00000000c5e00000| Untracked 
|  95|0x00000000c5f00000, 0x00000000c5f00000, 0x00000000c6000000|  0%| F|  |TAMS 0x00000000c5f00000, 0x00000000c5f00000| Untracked 
|  96|0x00000000c6000000, 0x00000000c6000000, 0x00000000c6100000|  0%| F|  |TAMS 0x00000000c6000000, 0x00000000c6000000| Untracked 
|  97|0x00000000c6100000, 0x00000000c6100000, 0x00000000c6200000|  0%| F|  |TAMS 0x00000000c6100000, 0x00000000c6100000| Untracked 
|  98|0x00000000c6200000, 0x00000000c6200000, 0x00000000c6300000|  0%| F|  |TAMS 0x00000000c6200000, 0x00000000c6200000| Untracked 
|  99|0x00000000c6300000, 0x00000000c6300000, 0x00000000c6400000|  0%| F|  |TAMS 0x00000000c6300000, 0x00000000c6300000| Untracked 
| 100|0x00000000c6400000, 0x00000000c6400000, 0x00000000c6500000|  0%| F|  |TAMS 0x00000000c6400000, 0x00000000c6400000| Untracked 
| 101|0x00000000c6500000, 0x00000000c6500000, 0x00000000c6600000|  0%| F|  |TAMS 0x00000000c6500000, 0x00000000c6500000| Untracked 
| 102|0x00000000c6600000, 0x00000000c6600000, 0x00000000c6700000|  0%| F|  |TAMS 0x00000000c6600000, 0x00000000c6600000| Untracked 
| 103|0x00000000c6700000, 0x00000000c6700000, 0x00000000c6800000|  0%| F|  |TAMS 0x00000000c6700000, 0x00000000c6700000| Untracked 
| 104|0x00000000c6800000, 0x00000000c6800000, 0x00000000c6900000|  0%| F|  |TAMS 0x00000000c6800000, 0x00000000c6800000| Untracked 
| 105|0x00000000c6900000, 0x00000000c6900000, 0x00000000c6a00000|  0%| F|  |TAMS 0x00000000c6900000, 0x00000000c6900000| Untracked 
| 106|0x00000000c6a00000, 0x00000000c6a00000, 0x00000000c6b00000|  0%| F|  |TAMS 0x00000000c6a00000, 0x00000000c6a00000| Untracked 
| 107|0x00000000c6b00000, 0x00000000c6b00000, 0x00000000c6c00000|  0%| F|  |TAMS 0x00000000c6b00000, 0x00000000c6b00000| Untracked 
| 108|0x00000000c6c00000, 0x00000000c6c00000, 0x00000000c6d00000|  0%| F|  |TAMS 0x00000000c6c00000, 0x00000000c6c00000| Untracked 
| 109|0x00000000c6d00000, 0x00000000c6d00000, 0x00000000c6e00000|  0%| F|  |TAMS 0x00000000c6d00000, 0x00000000c6d00000| Untracked 
| 110|0x00000000c6e00000, 0x00000000c6f00000, 0x00000000c6f00000|100%|HS|  |TAMS 0x00000000c6f00000, 0x00000000c6e00000| Untracked 
| 111|0x00000000c6f00000, 0x00000000c7000000, 0x00000000c7000000|100%|HC|  |TAMS 0x00000000c7000000, 0x00000000c6f00000| Untracked 
| 112|0x00000000c7000000, 0x00000000c7100000, 0x00000000c7100000|100%|HC|  |TAMS 0x00000000c7100000, 0x00000000c7000000| Untracked 
| 113|0x00000000c7100000, 0x00000000c7100000, 0x00000000c7200000|  0%| F|  |TAMS 0x00000000c7100000, 0x00000000c7100000| Untracked 
| 114|0x00000000c7200000, 0x00000000c7200000, 0x00000000c7300000|  0%| F|  |TAMS 0x00000000c7200000, 0x00000000c7200000| Untracked 
| 115|0x00000000c7300000, 0x00000000c7300000, 0x00000000c7400000|  0%| F|  |TAMS 0x00000000c7300000, 0x00000000c7300000| Untracked 
| 116|0x00000000c7400000, 0x00000000c7400000, 0x00000000c7500000|  0%| F|  |TAMS 0x00000000c7400000, 0x00000000c7400000| Untracked 
| 117|0x00000000c7500000, 0x00000000c7500000, 0x00000000c7600000|  0%| F|  |TAMS 0x00000000c7500000, 0x00000000c7500000| Untracked 
| 118|0x00000000c7600000, 0x00000000c7600000, 0x00000000c7700000|  0%| F|  |TAMS 0x00000000c7600000, 0x00000000c7600000| Untracked 
| 119|0x00000000c7700000, 0x00000000c7700000, 0x00000000c7800000|  0%| F|  |TAMS 0x00000000c7700000, 0x00000000c7700000| Untracked 
| 120|0x00000000c7800000, 0x00000000c7800000, 0x00000000c7900000|  0%| F|  |TAMS 0x00000000c7800000, 0x00000000c7800000| Untracked 
| 121|0x00000000c7900000, 0x00000000c7a00000, 0x00000000c7a00000|100%| O|  |TAMS 0x00000000c7a00000, 0x00000000c7900000| Untracked 
| 122|0x00000000c7a00000, 0x00000000c7a00000, 0x00000000c7b00000|  0%| F|  |TAMS 0x00000000c7a00000, 0x00000000c7a00000| Untracked 
| 123|0x00000000c7b00000, 0x00000000c7b00000, 0x00000000c7c00000|  0%| F|  |TAMS 0x00000000c7b00000, 0x00000000c7b00000| Untracked 
| 124|0x00000000c7c00000, 0x00000000c7c00000, 0x00000000c7d00000|  0%| F|  |TAMS 0x00000000c7c00000, 0x00000000c7c00000| Untracked 
| 125|0x00000000c7d00000, 0x00000000c7d00000, 0x00000000c7e00000|  0%| F|  |TAMS 0x00000000c7d00000, 0x00000000c7d00000| Untracked 
| 126|0x00000000c7e00000, 0x00000000c7e00000, 0x00000000c7f00000|  0%| F|  |TAMS 0x00000000c7e00000, 0x00000000c7e00000| Untracked 
| 127|0x00000000c7f00000, 0x00000000c8000000, 0x00000000c8000000|100%| O|  |TAMS 0x00000000c8000000, 0x00000000c7f00000| Untracked 
| 128|0x00000000c8000000, 0x00000000c8000000, 0x00000000c8100000|  0%| F|  |TAMS 0x00000000c8000000, 0x00000000c8000000| Untracked 
| 129|0x00000000c8100000, 0x00000000c8100000, 0x00000000c8200000|  0%| F|  |TAMS 0x00000000c8100000, 0x00000000c8100000| Untracked 
| 130|0x00000000c8200000, 0x00000000c8200000, 0x00000000c8300000|  0%| F|  |TAMS 0x00000000c8200000, 0x00000000c8200000| Untracked 
| 131|0x00000000c8300000, 0x00000000c8300000, 0x00000000c8400000|  0%| F|  |TAMS 0x00000000c8300000, 0x00000000c8300000| Untracked 
| 132|0x00000000c8400000, 0x00000000c8400000, 0x00000000c8500000|  0%| F|  |TAMS 0x00000000c8400000, 0x00000000c8400000| Untracked 
| 133|0x00000000c8500000, 0x00000000c8500000, 0x00000000c8600000|  0%| F|  |TAMS 0x00000000c8500000, 0x00000000c8500000| Untracked 
| 134|0x00000000c8600000, 0x00000000c8600000, 0x00000000c8700000|  0%| F|  |TAMS 0x00000000c8600000, 0x00000000c8600000| Untracked 
| 135|0x00000000c8700000, 0x00000000c8700000, 0x00000000c8800000|  0%| F|  |TAMS 0x00000000c8700000, 0x00000000c8700000| Untracked 
| 136|0x00000000c8800000, 0x00000000c8800000, 0x00000000c8900000|  0%| F|  |TAMS 0x00000000c8800000, 0x00000000c8800000| Untracked 
| 137|0x00000000c8900000, 0x00000000c8900000, 0x00000000c8a00000|  0%| F|  |TAMS 0x00000000c8900000, 0x00000000c8900000| Untracked 
| 138|0x00000000c8a00000, 0x00000000c8b00000, 0x00000000c8b00000|100%| O|  |TAMS 0x00000000c8b00000, 0x00000000c8a00000| Untracked 
| 139|0x00000000c8b00000, 0x00000000c8c00000, 0x00000000c8c00000|100%| O|  |TAMS 0x00000000c8c00000, 0x00000000c8b00000| Untracked 
| 140|0x00000000c8c00000, 0x00000000c8d00000, 0x00000000c8d00000|100%| O|  |TAMS 0x00000000c8d00000, 0x00000000c8c00000| Untracked 
| 141|0x00000000c8d00000, 0x00000000c8e00000, 0x00000000c8e00000|100%| O|  |TAMS 0x00000000c8e00000, 0x00000000c8d00000| Untracked 
| 142|0x00000000c8e00000, 0x00000000c8f00000, 0x00000000c8f00000|100%| O|  |TAMS 0x00000000c8f00000, 0x00000000c8e00000| Untracked 
| 143|0x00000000c8f00000, 0x00000000c8f00000, 0x00000000c9000000|  0%| F|  |TAMS 0x00000000c8f00000, 0x00000000c8f00000| Untracked 
| 144|0x00000000c9000000, 0x00000000c9100000, 0x00000000c9100000|100%| O|  |TAMS 0x00000000c9100000, 0x00000000c9000000| Untracked 
| 145|0x00000000c9100000, 0x00000000c9100000, 0x00000000c9200000|  0%| F|  |TAMS 0x00000000c9100000, 0x00000000c9100000| Untracked 
| 146|0x00000000c9200000, 0x00000000c9200000, 0x00000000c9300000|  0%| F|  |TAMS 0x00000000c9200000, 0x00000000c9200000| Untracked 
| 147|0x00000000c9300000, 0x00000000c9300000, 0x00000000c9400000|  0%| F|  |TAMS 0x00000000c9300000, 0x00000000c9300000| Untracked 
| 148|0x00000000c9400000, 0x00000000c9400000, 0x00000000c9500000|  0%| F|  |TAMS 0x00000000c9400000, 0x00000000c9400000| Untracked 
| 149|0x00000000c9500000, 0x00000000c9500000, 0x00000000c9600000|  0%| F|  |TAMS 0x00000000c9500000, 0x00000000c9500000| Untracked 
| 150|0x00000000c9600000, 0x00000000c9600000, 0x00000000c9700000|  0%| F|  |TAMS 0x00000000c9600000, 0x00000000c9600000| Untracked 
| 151|0x00000000c9700000, 0x00000000c9700000, 0x00000000c9800000|  0%| F|  |TAMS 0x00000000c9700000, 0x00000000c9700000| Untracked 
| 152|0x00000000c9800000, 0x00000000c9800000, 0x00000000c9900000|  0%| F|  |TAMS 0x00000000c9800000, 0x00000000c9800000| Untracked 
| 153|0x00000000c9900000, 0x00000000c9900000, 0x00000000c9a00000|  0%| F|  |TAMS 0x00000000c9900000, 0x00000000c9900000| Untracked 
| 154|0x00000000c9a00000, 0x00000000c9a00000, 0x00000000c9b00000|  0%| F|  |TAMS 0x00000000c9a00000, 0x00000000c9a00000| Untracked 
| 155|0x00000000c9b00000, 0x00000000c9b00000, 0x00000000c9c00000|  0%| F|  |TAMS 0x00000000c9b00000, 0x00000000c9b00000| Untracked 
| 156|0x00000000c9c00000, 0x00000000c9c00000, 0x00000000c9d00000|  0%| F|  |TAMS 0x00000000c9c00000, 0x00000000c9c00000| Untracked 
| 157|0x00000000c9d00000, 0x00000000c9d00000, 0x00000000c9e00000|  0%| F|  |TAMS 0x00000000c9d00000, 0x00000000c9d00000| Untracked 
| 158|0x00000000c9e00000, 0x00000000c9e00000, 0x00000000c9f00000|  0%| F|  |TAMS 0x00000000c9e00000, 0x00000000c9e00000| Untracked 
| 159|0x00000000c9f00000, 0x00000000c9f00000, 0x00000000ca000000|  0%| F|  |TAMS 0x00000000c9f00000, 0x00000000c9f00000| Untracked 
| 160|0x00000000ca000000, 0x00000000ca000000, 0x00000000ca100000|  0%| F|  |TAMS 0x00000000ca000000, 0x00000000ca000000| Untracked 
| 161|0x00000000ca100000, 0x00000000ca100000, 0x00000000ca200000|  0%| F|  |TAMS 0x00000000ca100000, 0x00000000ca100000| Untracked 
| 162|0x00000000ca200000, 0x00000000ca200000, 0x00000000ca300000|  0%| F|  |TAMS 0x00000000ca200000, 0x00000000ca200000| Untracked 
| 163|0x00000000ca300000, 0x00000000ca300000, 0x00000000ca400000|  0%| F|  |TAMS 0x00000000ca300000, 0x00000000ca300000| Untracked 
| 164|0x00000000ca400000, 0x00000000ca400000, 0x00000000ca500000|  0%| F|  |TAMS 0x00000000ca400000, 0x00000000ca400000| Untracked 
| 165|0x00000000ca500000, 0x00000000ca500000, 0x00000000ca600000|  0%| F|  |TAMS 0x00000000ca500000, 0x00000000ca500000| Untracked 
| 166|0x00000000ca600000, 0x00000000ca600000, 0x00000000ca700000|  0%| F|  |TAMS 0x00000000ca600000, 0x00000000ca600000| Untracked 
| 167|0x00000000ca700000, 0x00000000ca800000, 0x00000000ca800000|100%| O|  |TAMS 0x00000000ca800000, 0x00000000ca700000| Untracked 
| 168|0x00000000ca800000, 0x00000000ca800000, 0x00000000ca900000|  0%| F|  |TAMS 0x00000000ca800000, 0x00000000ca800000| Untracked 
| 169|0x00000000ca900000, 0x00000000ca900000, 0x00000000caa00000|  0%| F|  |TAMS 0x00000000ca900000, 0x00000000ca900000| Untracked 
| 170|0x00000000caa00000, 0x00000000caa00000, 0x00000000cab00000|  0%| F|  |TAMS 0x00000000caa00000, 0x00000000caa00000| Untracked 
| 171|0x00000000cab00000, 0x00000000cab00000, 0x00000000cac00000|  0%| F|  |TAMS 0x00000000cab00000, 0x00000000cab00000| Untracked 
| 172|0x00000000cac00000, 0x00000000cac00000, 0x00000000cad00000|  0%| F|  |TAMS 0x00000000cac00000, 0x00000000cac00000| Untracked 
| 173|0x00000000cad00000, 0x00000000cad00000, 0x00000000cae00000|  0%| F|  |TAMS 0x00000000cad00000, 0x00000000cad00000| Untracked 
| 174|0x00000000cae00000, 0x00000000cae00000, 0x00000000caf00000|  0%| F|  |TAMS 0x00000000cae00000, 0x00000000cae00000| Untracked 
| 175|0x00000000caf00000, 0x00000000caf00000, 0x00000000cb000000|  0%| F|  |TAMS 0x00000000caf00000, 0x00000000caf00000| Untracked 
| 176|0x00000000cb000000, 0x00000000cb000000, 0x00000000cb100000|  0%| F|  |TAMS 0x00000000cb000000, 0x00000000cb000000| Untracked 
| 177|0x00000000cb100000, 0x00000000cb100000, 0x00000000cb200000|  0%| F|  |TAMS 0x00000000cb100000, 0x00000000cb100000| Untracked 
| 178|0x00000000cb200000, 0x00000000cb200000, 0x00000000cb300000|  0%| F|  |TAMS 0x00000000cb200000, 0x00000000cb200000| Untracked 
| 179|0x00000000cb300000, 0x00000000cb300000, 0x00000000cb400000|  0%| F|  |TAMS 0x00000000cb300000, 0x00000000cb300000| Untracked 
| 180|0x00000000cb400000, 0x00000000cb400000, 0x00000000cb500000|  0%| F|  |TAMS 0x00000000cb400000, 0x00000000cb400000| Untracked 
| 181|0x00000000cb500000, 0x00000000cb500000, 0x00000000cb600000|  0%| F|  |TAMS 0x00000000cb500000, 0x00000000cb500000| Untracked 
| 182|0x00000000cb600000, 0x00000000cb600000, 0x00000000cb700000|  0%| F|  |TAMS 0x00000000cb600000, 0x00000000cb600000| Untracked 
| 183|0x00000000cb700000, 0x00000000cb800000, 0x00000000cb800000|100%| O|  |TAMS 0x00000000cb800000, 0x00000000cb700000| Untracked 
| 184|0x00000000cb800000, 0x00000000cb800000, 0x00000000cb900000|  0%| F|  |TAMS 0x00000000cb800000, 0x00000000cb800000| Untracked 
| 185|0x00000000cb900000, 0x00000000cba00000, 0x00000000cba00000|100%| O|  |TAMS 0x00000000cba00000, 0x00000000cb900000| Untracked 
| 186|0x00000000cba00000, 0x00000000cba00000, 0x00000000cbb00000|  0%| F|  |TAMS 0x00000000cba00000, 0x00000000cba00000| Untracked 
| 187|0x00000000cbb00000, 0x00000000cbb00000, 0x00000000cbc00000|  0%| F|  |TAMS 0x00000000cbb00000, 0x00000000cbb00000| Untracked 
| 188|0x00000000cbc00000, 0x00000000cbc00000, 0x00000000cbd00000|  0%| F|  |TAMS 0x00000000cbc00000, 0x00000000cbc00000| Untracked 
| 189|0x00000000cbd00000, 0x00000000cbd00000, 0x00000000cbe00000|  0%| F|  |TAMS 0x00000000cbd00000, 0x00000000cbd00000| Untracked 
| 190|0x00000000cbe00000, 0x00000000cbe00000, 0x00000000cbf00000|  0%| F|  |TAMS 0x00000000cbe00000, 0x00000000cbe00000| Untracked 
| 191|0x00000000cbf00000, 0x00000000cbf00000, 0x00000000cc000000|  0%| F|  |TAMS 0x00000000cbf00000, 0x00000000cbf00000| Untracked 
| 192|0x00000000cc000000, 0x00000000cc000000, 0x00000000cc100000|  0%| F|  |TAMS 0x00000000cc000000, 0x00000000cc000000| Untracked 
| 193|0x00000000cc100000, 0x00000000cc100000, 0x00000000cc200000|  0%| F|  |TAMS 0x00000000cc100000, 0x00000000cc100000| Untracked 
| 194|0x00000000cc200000, 0x00000000cc200000, 0x00000000cc300000|  0%| F|  |TAMS 0x00000000cc200000, 0x00000000cc200000| Untracked 
| 195|0x00000000cc300000, 0x00000000cc300000, 0x00000000cc400000|  0%| F|  |TAMS 0x00000000cc300000, 0x00000000cc300000| Untracked 
| 196|0x00000000cc400000, 0x00000000cc400000, 0x00000000cc500000|  0%| F|  |TAMS 0x00000000cc400000, 0x00000000cc400000| Untracked 
| 197|0x00000000cc500000, 0x00000000cc500000, 0x00000000cc600000|  0%| F|  |TAMS 0x00000000cc500000, 0x00000000cc500000| Untracked 
| 198|0x00000000cc600000, 0x00000000cc600000, 0x00000000cc700000|  0%| F|  |TAMS 0x00000000cc600000, 0x00000000cc600000| Untracked 
| 199|0x00000000cc700000, 0x00000000cc700000, 0x00000000cc800000|  0%| F|  |TAMS 0x00000000cc700000, 0x00000000cc700000| Untracked 
| 200|0x00000000cc800000, 0x00000000cc800000, 0x00000000cc900000|  0%| F|  |TAMS 0x00000000cc800000, 0x00000000cc800000| Untracked 
| 201|0x00000000cc900000, 0x00000000cc900000, 0x00000000cca00000|  0%| F|  |TAMS 0x00000000cc900000, 0x00000000cc900000| Untracked 
| 202|0x00000000cca00000, 0x00000000cca00000, 0x00000000ccb00000|  0%| F|  |TAMS 0x00000000cca00000, 0x00000000cca00000| Untracked 
| 203|0x00000000ccb00000, 0x00000000ccb00000, 0x00000000ccc00000|  0%| F|  |TAMS 0x00000000ccb00000, 0x00000000ccb00000| Untracked 
| 204|0x00000000ccc00000, 0x00000000ccc00000, 0x00000000ccd00000|  0%| F|  |TAMS 0x00000000ccc00000, 0x00000000ccc00000| Untracked 
| 205|0x00000000ccd00000, 0x00000000ccd00000, 0x00000000cce00000|  0%| F|  |TAMS 0x00000000ccd00000, 0x00000000ccd00000| Untracked 
| 206|0x00000000cce00000, 0x00000000cce00000, 0x00000000ccf00000|  0%| F|  |TAMS 0x00000000cce00000, 0x00000000cce00000| Untracked 
| 207|0x00000000ccf00000, 0x00000000ccf00000, 0x00000000cd000000|  0%| F|  |TAMS 0x00000000ccf00000, 0x00000000ccf00000| Untracked 
| 208|0x00000000cd000000, 0x00000000cd000000, 0x00000000cd100000|  0%| F|  |TAMS 0x00000000cd000000, 0x00000000cd000000| Untracked 
| 209|0x00000000cd100000, 0x00000000cd100000, 0x00000000cd200000|  0%| F|  |TAMS 0x00000000cd100000, 0x00000000cd100000| Untracked 
| 210|0x00000000cd200000, 0x00000000cd200000, 0x00000000cd300000|  0%| F|  |TAMS 0x00000000cd200000, 0x00000000cd200000| Untracked 
| 211|0x00000000cd300000, 0x00000000cd300000, 0x00000000cd400000|  0%| F|  |TAMS 0x00000000cd300000, 0x00000000cd300000| Untracked 
| 212|0x00000000cd400000, 0x00000000cd400000, 0x00000000cd500000|  0%| F|  |TAMS 0x00000000cd400000, 0x00000000cd400000| Untracked 
| 213|0x00000000cd500000, 0x00000000cd500000, 0x00000000cd600000|  0%| F|  |TAMS 0x00000000cd500000, 0x00000000cd500000| Untracked 
| 214|0x00000000cd600000, 0x00000000cd600000, 0x00000000cd700000|  0%| F|  |TAMS 0x00000000cd600000, 0x00000000cd600000| Untracked 
| 215|0x00000000cd700000, 0x00000000cd700000, 0x00000000cd800000|  0%| F|  |TAMS 0x00000000cd700000, 0x00000000cd700000| Untracked 
| 216|0x00000000cd800000, 0x00000000cd800000, 0x00000000cd900000|  0%| F|  |TAMS 0x00000000cd800000, 0x00000000cd800000| Untracked 
| 217|0x00000000cd900000, 0x00000000cd900000, 0x00000000cda00000|  0%| F|  |TAMS 0x00000000cd900000, 0x00000000cd900000| Untracked 
| 218|0x00000000cda00000, 0x00000000cda00000, 0x00000000cdb00000|  0%| F|  |TAMS 0x00000000cda00000, 0x00000000cda00000| Untracked 
| 219|0x00000000cdb00000, 0x00000000cdb00000, 0x00000000cdc00000|  0%| F|  |TAMS 0x00000000cdb00000, 0x00000000cdb00000| Untracked 
| 220|0x00000000cdc00000, 0x00000000cdc00000, 0x00000000cdd00000|  0%| F|  |TAMS 0x00000000cdc00000, 0x00000000cdc00000| Untracked 
| 221|0x00000000cdd00000, 0x00000000cdd00000, 0x00000000cde00000|  0%| F|  |TAMS 0x00000000cdd00000, 0x00000000cdd00000| Untracked 
| 222|0x00000000cde00000, 0x00000000cde00000, 0x00000000cdf00000|  0%| F|  |TAMS 0x00000000cde00000, 0x00000000cde00000| Untracked 
| 223|0x00000000cdf00000, 0x00000000cdf00000, 0x00000000ce000000|  0%| F|  |TAMS 0x00000000cdf00000, 0x00000000cdf00000| Untracked 
| 224|0x00000000ce000000, 0x00000000ce000000, 0x00000000ce100000|  0%| F|  |TAMS 0x00000000ce000000, 0x00000000ce000000| Untracked 
| 225|0x00000000ce100000, 0x00000000ce100000, 0x00000000ce200000|  0%| F|  |TAMS 0x00000000ce100000, 0x00000000ce100000| Untracked 
| 226|0x00000000ce200000, 0x00000000ce200000, 0x00000000ce300000|  0%| F|  |TAMS 0x00000000ce200000, 0x00000000ce200000| Untracked 
| 227|0x00000000ce300000, 0x00000000ce300000, 0x00000000ce400000|  0%| F|  |TAMS 0x00000000ce300000, 0x00000000ce300000| Untracked 
| 228|0x00000000ce400000, 0x00000000ce400000, 0x00000000ce500000|  0%| F|  |TAMS 0x00000000ce400000, 0x00000000ce400000| Untracked 
| 229|0x00000000ce500000, 0x00000000ce500000, 0x00000000ce600000|  0%| F|  |TAMS 0x00000000ce500000, 0x00000000ce500000| Untracked 
| 230|0x00000000ce600000, 0x00000000ce600000, 0x00000000ce700000|  0%| F|  |TAMS 0x00000000ce600000, 0x00000000ce600000| Untracked 
| 231|0x00000000ce700000, 0x00000000ce700000, 0x00000000ce800000|  0%| F|  |TAMS 0x00000000ce700000, 0x00000000ce700000| Untracked 
| 232|0x00000000ce800000, 0x00000000ce800000, 0x00000000ce900000|  0%| F|  |TAMS 0x00000000ce800000, 0x00000000ce800000| Untracked 
| 233|0x00000000ce900000, 0x00000000ce900000, 0x00000000cea00000|  0%| F|  |TAMS 0x00000000ce900000, 0x00000000ce900000| Untracked 
| 234|0x00000000cea00000, 0x00000000cea00000, 0x00000000ceb00000|  0%| F|  |TAMS 0x00000000cea00000, 0x00000000cea00000| Untracked 
| 235|0x00000000ceb00000, 0x00000000ceb00000, 0x00000000cec00000|  0%| F|  |TAMS 0x00000000ceb00000, 0x00000000ceb00000| Untracked 
| 236|0x00000000cec00000, 0x00000000cec00000, 0x00000000ced00000|  0%| F|  |TAMS 0x00000000cec00000, 0x00000000cec00000| Untracked 
| 237|0x00000000ced00000, 0x00000000ced00000, 0x00000000cee00000|  0%| F|  |TAMS 0x00000000ced00000, 0x00000000ced00000| Untracked 
| 238|0x00000000cee00000, 0x00000000cee00000, 0x00000000cef00000|  0%| F|  |TAMS 0x00000000cee00000, 0x00000000cee00000| Untracked 
| 239|0x00000000cef00000, 0x00000000cef00000, 0x00000000cf000000|  0%| F|  |TAMS 0x00000000cef00000, 0x00000000cef00000| Untracked 
| 240|0x00000000cf000000, 0x00000000cf000000, 0x00000000cf100000|  0%| F|  |TAMS 0x00000000cf000000, 0x00000000cf000000| Untracked 
| 241|0x00000000cf100000, 0x00000000cf100000, 0x00000000cf200000|  0%| F|  |TAMS 0x00000000cf100000, 0x00000000cf100000| Untracked 
| 242|0x00000000cf200000, 0x00000000cf200000, 0x00000000cf300000|  0%| F|  |TAMS 0x00000000cf200000, 0x00000000cf200000| Untracked 
| 243|0x00000000cf300000, 0x00000000cf300000, 0x00000000cf400000|  0%| F|  |TAMS 0x00000000cf300000, 0x00000000cf300000| Untracked 
| 244|0x00000000cf400000, 0x00000000cf400000, 0x00000000cf500000|  0%| F|  |TAMS 0x00000000cf400000, 0x00000000cf400000| Untracked 
| 245|0x00000000cf500000, 0x00000000cf500000, 0x00000000cf600000|  0%| F|  |TAMS 0x00000000cf500000, 0x00000000cf500000| Untracked 
| 246|0x00000000cf600000, 0x00000000cf600000, 0x00000000cf700000|  0%| F|  |TAMS 0x00000000cf600000, 0x00000000cf600000| Untracked 
| 247|0x00000000cf700000, 0x00000000cf700000, 0x00000000cf800000|  0%| F|  |TAMS 0x00000000cf700000, 0x00000000cf700000| Untracked 
| 248|0x00000000cf800000, 0x00000000cf800000, 0x00000000cf900000|  0%| F|  |TAMS 0x00000000cf800000, 0x00000000cf800000| Untracked 
| 249|0x00000000cf900000, 0x00000000cf900000, 0x00000000cfa00000|  0%| F|  |TAMS 0x00000000cf900000, 0x00000000cf900000| Untracked 
| 250|0x00000000cfa00000, 0x00000000cfa00000, 0x00000000cfb00000|  0%| F|  |TAMS 0x00000000cfa00000, 0x00000000cfa00000| Untracked 
| 251|0x00000000cfb00000, 0x00000000cfb00000, 0x00000000cfc00000|  0%| F|  |TAMS 0x00000000cfb00000, 0x00000000cfb00000| Untracked 
| 252|0x00000000cfc00000, 0x00000000cfc00000, 0x00000000cfd00000|  0%| F|  |TAMS 0x00000000cfc00000, 0x00000000cfc00000| Untracked 
| 253|0x00000000cfd00000, 0x00000000cfd00000, 0x00000000cfe00000|  0%| F|  |TAMS 0x00000000cfd00000, 0x00000000cfd00000| Untracked 
| 254|0x00000000cfe00000, 0x00000000cfe00000, 0x00000000cff00000|  0%| F|  |TAMS 0x00000000cfe00000, 0x00000000cfe00000| Untracked 
| 255|0x00000000cff00000, 0x00000000cff00000, 0x00000000d0000000|  0%| F|  |TAMS 0x00000000cff00000, 0x00000000cff00000| Untracked 
| 256|0x00000000d0000000, 0x00000000d0000000, 0x00000000d0100000|  0%| F|  |TAMS 0x00000000d0000000, 0x00000000d0000000| Untracked 
| 257|0x00000000d0100000, 0x00000000d0100000, 0x00000000d0200000|  0%| F|  |TAMS 0x00000000d0100000, 0x00000000d0100000| Untracked 
| 258|0x00000000d0200000, 0x00000000d0200000, 0x00000000d0300000|  0%| F|  |TAMS 0x00000000d0200000, 0x00000000d0200000| Untracked 
| 259|0x00000000d0300000, 0x00000000d03b3b88, 0x00000000d0400000| 70%| E|  |TAMS 0x00000000d0300000, 0x00000000d0300000| Complete 

Card table byte_map: [0x000001a4328e0000,0x000001a432ae0000] _byte_map_base: 0x000001a4322e0000

Marking Bits (Prev, Next): (CMBitMap*) 0x000001a42cc9def0, (CMBitMap*) 0x000001a42cc9df30
 Prev Bits: [0x000001a432ce0000, 0x000001a433ce0000)
 Next Bits: [0x000001a433ce0000, 0x000001a434ce0000)

Polling page: 0x000001a42ac00000

Metaspace:

Usage:
  Non-class:     58.30 MB used.
      Class:      9.13 MB used.
       Both:     67.43 MB used.

Virtual space:
  Non-class space:       64.00 MB reserved,      58.75 MB ( 92%) committed,  8 nodes.
      Class space:        1.00 GB reserved,       9.44 MB ( <1%) committed,  1 nodes.
             Both:        1.06 GB reserved,      68.19 MB (  6%) committed. 

Chunk freelists:
   Non-Class:  1.06 MB
       Class:  2.51 MB
        Both:  3.57 MB

MaxMetaspaceSize: unlimited
CompressedClassSpaceSize: 1.00 GB
Initial GC threshold: 21.00 MB
Current GC threshold: 113.69 MB
CDS: off
MetaspaceReclaimPolicy: balanced
 - commit_granule_bytes: 65536.
 - commit_granule_words: 8192.
 - virtual_space_node_default_size: 1048576.
 - enlarge_chunks_in_place: 1.
 - new_chunks_are_fully_committed: 0.
 - uncommit_free_chunks: 1.
 - use_allocation_guard: 0.
 - handle_deallocations: 1.


Internal statistics:

num_allocs_failed_limit: 6.
num_arena_births: 648.
num_arena_deaths: 188.
num_vsnodes_births: 9.
num_vsnodes_deaths: 0.
num_space_committed: 1091.
num_space_uncommitted: 0.
num_chunks_returned_to_freelist: 222.
num_chunks_taken_from_freelist: 2844.
num_chunk_merges: 74.
num_chunk_splits: 2033.
num_chunks_enlarged: 1589.
num_purges: 8.
num_inconsistent_stats: 0.

CodeCache: size=49152Kb used=18258Kb max_used=18800Kb free=30893Kb
 bounds [0x000001a42f8e0000, 0x000001a430b40000, 0x000001a4328e0000]
 total_blobs=10835 nmethods=10143 adapters=619
 compilation: enabled
              stopped_count=0, restarted_count=0
 full_count=0

Compilation events (20 events):
Event: 209.964 Thread 0x000001a4371e90c0 10306       1       java.util.concurrent.TimeUnit::toNanos (45 bytes)
Event: 209.965 Thread 0x000001a4371e90c0 nmethod 10306 0x000001a4303fbb90 code [0x000001a4303fbd40, 0x000001a4303fbed8]
Event: 229.910 Thread 0x000001a4371e90c0 10307       1       java.util.concurrent.ThreadPoolExecutor::isShutdown (12 bytes)
Event: 229.910 Thread 0x000001a4371e90c0 nmethod 10307 0x000001a4303fb890 code [0x000001a4303fba20, 0x000001a4303fbb18]
Event: 255.515 Thread 0x000001a4371e90c0 10308       1       java.util.concurrent.ScheduledThreadPoolExecutor::canRunInCurrentRunState (61 bytes)
Event: 255.515 Thread 0x000001a4371e90c0 nmethod 10308 0x000001a4303fb290 code [0x000001a4303fb460, 0x000001a4303fb738]
Event: 317.258 Thread 0x000001a4371e90c0 10309       1       java.lang.ProcessImpl::needsEscaping (169 bytes)
Event: 317.259 Thread 0x000001a4371e90c0 nmethod 10309 0x000001a4303fa510 code [0x000001a4303fa760, 0x000001a4303fae68]
Event: 317.259 Thread 0x000001a4371e90c0 10310       1       java.lang.ProcessImpl::unQuote (40 bytes)
Event: 317.259 Thread 0x000001a4371e90c0 nmethod 10310 0x000001a4303fa010 code [0x000001a4303fa1c0, 0x000001a4303fa388]
Event: 359.970 Thread 0x000001a4371e90c0 10311       1       java.util.concurrent.ThreadPoolExecutor::getQueue (5 bytes)
Event: 359.971 Thread 0x000001a4371e90c0 nmethod 10311 0x000001a4303f9d10 code [0x000001a4303f9ea0, 0x000001a4303f9f78]
Event: 362.467 Thread 0x000001a4371e90c0 10312       1       java.util.concurrent.ScheduledThreadPoolExecutor$DelayedWorkQueue::setIndex (16 bytes)
Event: 362.467 Thread 0x000001a4371e90c0 nmethod 10312 0x000001a4303f9990 code [0x000001a4303f9b20, 0x000001a4303f9c38]
Event: 369.990 Thread 0x000001a4371e90c0 10313       1       jdk.internal.misc.Unsafe::putIntOpaque (9 bytes)
Event: 369.990 Thread 0x000001a4371e90c0 nmethod 10313 0x000001a4303f9690 code [0x000001a4303f9820, 0x000001a4303f98f8]
Event: 379.995 Thread 0x000001a4371e90c0 10314       1       java.util.concurrent.locks.AbstractQueuedSynchronizer$Node::<init> (5 bytes)
Event: 379.995 Thread 0x000001a4371e90c0 nmethod 10314 0x000001a4303f9390 code [0x000001a4303f9520, 0x000001a4303f95d8]
Event: 395.949 Thread 0x000001a4371e90c0 10315       1       java.util.concurrent.ScheduledThreadPoolExecutor$ScheduledFutureTask::getDelay (16 bytes)
Event: 395.949 Thread 0x000001a4371e90c0 nmethod 10315 0x000001a4303f9010 code [0x000001a4303f91a0, 0x000001a4303f92c8]

GC Heap History (20 events):
Event: 318.222 GC heap before
{Heap before GC invocations=84 (full 25):
 garbage-first heap   total 266240K, used 79034K [0x00000000c0000000, 0x0000000100000000)
  region size 1024K, 1 young (1024K), 0 survivors (0K)
 Metaspace       used 69046K, committed 69824K, reserved 1114112K
  class space    used 9352K, committed 9664K, reserved 1048576K
}
Event: 318.266 GC heap after
{Heap after GC invocations=85 (full 26):
 garbage-first heap   total 266240K, used 79034K [0x00000000c0000000, 0x0000000100000000)
  region size 1024K, 0 young (0K), 0 survivors (0K)
 Metaspace       used 69046K, committed 69824K, reserved 1114112K
  class space    used 9352K, committed 9664K, reserved 1048576K
}
Event: 328.967 GC heap before
{Heap before GC invocations=85 (full 26):
 garbage-first heap   total 266240K, used 79034K [0x00000000c0000000, 0x0000000100000000)
  region size 1024K, 1 young (1024K), 0 survivors (0K)
 Metaspace       used 69046K, committed 69824K, reserved 1114112K
  class space    used 9352K, committed 9664K, reserved 1048576K
}
Event: 329.012 GC heap after
{Heap after GC invocations=86 (full 27):
 garbage-first heap   total 266240K, used 79034K [0x00000000c0000000, 0x0000000100000000)
  region size 1024K, 0 young (0K), 0 survivors (0K)
 Metaspace       used 69046K, committed 69824K, reserved 1114112K
  class space    used 9352K, committed 9664K, reserved 1048576K
}
Event: 339.648 GC heap before
{Heap before GC invocations=86 (full 27):
 garbage-first heap   total 266240K, used 79034K [0x00000000c0000000, 0x0000000100000000)
  region size 1024K, 1 young (1024K), 0 survivors (0K)
 Metaspace       used 69046K, committed 69824K, reserved 1114112K
  class space    used 9352K, committed 9664K, reserved 1048576K
}
Event: 339.693 GC heap after
{Heap after GC invocations=87 (full 28):
 garbage-first heap   total 266240K, used 79034K [0x00000000c0000000, 0x0000000100000000)
  region size 1024K, 0 young (0K), 0 survivors (0K)
 Metaspace       used 69046K, committed 69824K, reserved 1114112K
  class space    used 9352K, committed 9664K, reserved 1048576K
}
Event: 350.740 GC heap before
{Heap before GC invocations=87 (full 28):
 garbage-first heap   total 266240K, used 79034K [0x00000000c0000000, 0x0000000100000000)
  region size 1024K, 1 young (1024K), 0 survivors (0K)
 Metaspace       used 69046K, committed 69824K, reserved 1114112K
  class space    used 9352K, committed 9664K, reserved 1048576K
}
Event: 350.787 GC heap after
{Heap after GC invocations=88 (full 29):
 garbage-first heap   total 266240K, used 79034K [0x00000000c0000000, 0x0000000100000000)
  region size 1024K, 0 young (0K), 0 survivors (0K)
 Metaspace       used 69046K, committed 69824K, reserved 1114112K
  class space    used 9352K, committed 9664K, reserved 1048576K
}
Event: 362.421 GC heap before
{Heap before GC invocations=88 (full 29):
 garbage-first heap   total 266240K, used 79034K [0x00000000c0000000, 0x0000000100000000)
  region size 1024K, 1 young (1024K), 0 survivors (0K)
 Metaspace       used 69046K, committed 69824K, reserved 1114112K
  class space    used 9352K, committed 9664K, reserved 1048576K
}
Event: 362.467 GC heap after
{Heap after GC invocations=89 (full 30):
 garbage-first heap   total 266240K, used 79034K [0x00000000c0000000, 0x0000000100000000)
  region size 1024K, 0 young (0K), 0 survivors (0K)
 Metaspace       used 69046K, committed 69824K, reserved 1114112K
  class space    used 9352K, committed 9664K, reserved 1048576K
}
Event: 374.087 GC heap before
{Heap before GC invocations=89 (full 30):
 garbage-first heap   total 266240K, used 79034K [0x00000000c0000000, 0x0000000100000000)
  region size 1024K, 1 young (1024K), 0 survivors (0K)
 Metaspace       used 69046K, committed 69824K, reserved 1114112K
  class space    used 9352K, committed 9664K, reserved 1048576K
}
Event: 374.135 GC heap after
{Heap after GC invocations=90 (full 31):
 garbage-first heap   total 266240K, used 79034K [0x00000000c0000000, 0x0000000100000000)
  region size 1024K, 0 young (0K), 0 survivors (0K)
 Metaspace       used 69046K, committed 69824K, reserved 1114112K
  class space    used 9352K, committed 9664K, reserved 1048576K
}
Event: 385.225 GC heap before
{Heap before GC invocations=90 (full 31):
 garbage-first heap   total 266240K, used 79034K [0x00000000c0000000, 0x0000000100000000)
  region size 1024K, 1 young (1024K), 0 survivors (0K)
 Metaspace       used 69046K, committed 69824K, reserved 1114112K
  class space    used 9352K, committed 9664K, reserved 1048576K
}
Event: 385.273 GC heap after
{Heap after GC invocations=91 (full 32):
 garbage-first heap   total 266240K, used 79034K [0x00000000c0000000, 0x0000000100000000)
  region size 1024K, 0 young (0K), 0 survivors (0K)
 Metaspace       used 69046K, committed 69824K, reserved 1114112K
  class space    used 9352K, committed 9664K, reserved 1048576K
}
Event: 395.904 GC heap before
{Heap before GC invocations=91 (full 32):
 garbage-first heap   total 266240K, used 79034K [0x00000000c0000000, 0x0000000100000000)
  region size 1024K, 1 young (1024K), 0 survivors (0K)
 Metaspace       used 69046K, committed 69824K, reserved 1114112K
  class space    used 9352K, committed 9664K, reserved 1048576K
}
Event: 395.948 GC heap after
{Heap after GC invocations=92 (full 33):
 garbage-first heap   total 266240K, used 79034K [0x00000000c0000000, 0x0000000100000000)
  region size 1024K, 0 young (0K), 0 survivors (0K)
 Metaspace       used 69046K, committed 69824K, reserved 1114112K
  class space    used 9352K, committed 9664K, reserved 1048576K
}
Event: 407.850 GC heap before
{Heap before GC invocations=92 (full 33):
 garbage-first heap   total 266240K, used 79034K [0x00000000c0000000, 0x0000000100000000)
  region size 1024K, 1 young (1024K), 0 survivors (0K)
 Metaspace       used 69046K, committed 69824K, reserved 1114112K
  class space    used 9352K, committed 9664K, reserved 1048576K
}
Event: 407.897 GC heap after
{Heap after GC invocations=93 (full 34):
 garbage-first heap   total 266240K, used 79034K [0x00000000c0000000, 0x0000000100000000)
  region size 1024K, 0 young (0K), 0 survivors (0K)
 Metaspace       used 69046K, committed 69824K, reserved 1114112K
  class space    used 9352K, committed 9664K, reserved 1048576K
}
Event: 419.018 GC heap before
{Heap before GC invocations=93 (full 34):
 garbage-first heap   total 266240K, used 79034K [0x00000000c0000000, 0x0000000100000000)
  region size 1024K, 1 young (1024K), 0 survivors (0K)
 Metaspace       used 69046K, committed 69824K, reserved 1114112K
  class space    used 9352K, committed 9664K, reserved 1048576K
}
Event: 419.062 GC heap after
{Heap after GC invocations=94 (full 35):
 garbage-first heap   total 266240K, used 79034K [0x00000000c0000000, 0x0000000100000000)
  region size 1024K, 0 young (0K), 0 survivors (0K)
 Metaspace       used 69046K, committed 69824K, reserved 1114112K
  class space    used 9352K, committed 9664K, reserved 1048576K
}

Dll operation events (10 events):
Event: 0.086 Loaded shared library c:\Users\betaz\.vscode\extensions\redhat.java-1.14.0-win32-x64\jre\17.0.5-win32-x86_64\bin\java.dll
Event: 0.456 Loaded shared library C:\Users\betaz\.vscode\extensions\redhat.java-1.14.0-win32-x64\jre\17.0.5-win32-x86_64\bin\net.dll
Event: 0.459 Loaded shared library C:\Users\betaz\.vscode\extensions\redhat.java-1.14.0-win32-x64\jre\17.0.5-win32-x86_64\bin\nio.dll
Event: 0.470 Loaded shared library C:\Users\betaz\.vscode\extensions\redhat.java-1.14.0-win32-x64\jre\17.0.5-win32-x86_64\bin\zip.dll
Event: 1.107 Loaded shared library C:\Users\betaz\.vscode\extensions\redhat.java-1.14.0-win32-x64\jre\17.0.5-win32-x86_64\bin\jimage.dll
Event: 1.471 Loaded shared library c:\Users\betaz\.vscode\extensions\redhat.java-1.14.0-win32-x64\jre\17.0.5-win32-x86_64\bin\verify.dll
Event: 10.015 Loaded shared library C:\Users\betaz\.vscode\extensions\redhat.java-1.14.0-win32-x64\jre\17.0.5-win32-x86_64\bin\management.dll
Event: 10.028 Loaded shared library C:\Users\betaz\.vscode\extensions\redhat.java-1.14.0-win32-x64\jre\17.0.5-win32-x86_64\bin\management_ext.dll
Event: 12.272 Loaded shared library C:\Users\betaz\.vscode\extensions\redhat.java-1.14.0-win32-x64\jre\17.0.5-win32-x86_64\bin\sunmscapi.dll
Event: 20.576 Loaded shared library C:\Users\betaz\AppData\Local\Temp\snappy-1.1.8-6d776bb7-a7e7-4fb3-b88d-8e05b853d2aa-snappyjava.dll

Deoptimization events (20 events):
Event: 20.433 Thread 0x000001a43c14e1e0 DEOPT PACKING pc=0x000001a43082536c sp=0x00000084d1afdba0
Event: 20.433 Thread 0x000001a43c14e1e0 DEOPT UNPACKING pc=0x000001a42f932b43 sp=0x00000084d1afd0f0 mode 0
Event: 20.433 Thread 0x000001a43c14e1e0 DEOPT PACKING pc=0x000001a43082536c sp=0x00000084d1afded0
Event: 20.433 Thread 0x000001a43c14e1e0 DEOPT UNPACKING pc=0x000001a42f932b43 sp=0x00000084d1afd420 mode 0
Event: 20.433 Thread 0x000001a43c14e1e0 DEOPT PACKING pc=0x000001a43082536c sp=0x00000084d1afe1b0
Event: 20.433 Thread 0x000001a43c14e1e0 DEOPT UNPACKING pc=0x000001a42f932b43 sp=0x00000084d1afd700 mode 0
Event: 21.158 Thread 0x000001a439d76870 DEOPT PACKING pc=0x000001a4302f05ee sp=0x00000084d17fcfa0
Event: 21.158 Thread 0x000001a439d76870 DEOPT UNPACKING pc=0x000001a42f932b43 sp=0x00000084d17fc498 mode 3
Event: 27.148 Thread 0x000001a43c14f9f0 DEOPT PACKING pc=0x000001a4302b5ac4 sp=0x00000084d25fe540
Event: 27.148 Thread 0x000001a43c14f9f0 DEOPT UNPACKING pc=0x000001a42f932b43 sp=0x00000084d25fda20 mode 0
Event: 27.148 Thread 0x000001a43c14f9f0 DEOPT PACKING pc=0x000001a4302ba2cc sp=0x00000084d25fe5e0
Event: 27.148 Thread 0x000001a43c14f9f0 DEOPT UNPACKING pc=0x000001a42f932b43 sp=0x00000084d25fdac0 mode 0
Event: 27.148 Thread 0x000001a43c14f9f0 DEOPT PACKING pc=0x000001a4302b5ac4 sp=0x00000084d25fe700
Event: 27.148 Thread 0x000001a43c14f9f0 DEOPT UNPACKING pc=0x000001a42f932b43 sp=0x00000084d25fdbe0 mode 0
Event: 27.148 Thread 0x000001a43c14f9f0 DEOPT PACKING pc=0x000001a4302ba2cc sp=0x00000084d25fe7a0
Event: 27.148 Thread 0x000001a43c14f9f0 DEOPT UNPACKING pc=0x000001a42f932b43 sp=0x00000084d25fdc80 mode 0
Event: 27.150 Thread 0x000001a43c14f9f0 DEOPT PACKING pc=0x000001a4302b5ac4 sp=0x00000084d25fea50
Event: 27.151 Thread 0x000001a43c14f9f0 DEOPT UNPACKING pc=0x000001a42f932b43 sp=0x00000084d25fdf30 mode 0
Event: 27.151 Thread 0x000001a43c14f9f0 DEOPT PACKING pc=0x000001a4302ba2cc sp=0x00000084d25feaf0
Event: 27.151 Thread 0x000001a43c14f9f0 DEOPT UNPACKING pc=0x000001a42f932b43 sp=0x00000084d25fdfe8 mode 0

Classes unloaded (20 events):
Event: 234.978 Thread 0x000001a43719e5e0 Unloading class 0x0000000100359400 'java/lang/invoke/LambdaForm$MH+0x0000000100359400'
Event: 234.978 Thread 0x000001a43719e5e0 Unloading class 0x0000000100359000 'java/lang/invoke/LambdaForm$MH+0x0000000100359000'
Event: 234.978 Thread 0x000001a43719e5e0 Unloading class 0x00000001000d1c00 'java/lang/invoke/LambdaForm$MH+0x00000001000d1c00'
Event: 234.978 Thread 0x000001a43719e5e0 Unloading class 0x00000001000d1800 'java/lang/invoke/LambdaForm$MH+0x00000001000d1800'
Event: 234.978 Thread 0x000001a43719e5e0 Unloading class 0x00000001000d1400 'java/lang/invoke/LambdaForm$MH+0x00000001000d1400'
Event: 234.978 Thread 0x000001a43719e5e0 Unloading class 0x00000001000d1000 'java/lang/invoke/LambdaForm$MH+0x00000001000d1000'
Event: 234.978 Thread 0x000001a43719e5e0 Unloading class 0x00000001000d0c00 'java/lang/invoke/LambdaForm$MH+0x00000001000d0c00'
Event: 234.978 Thread 0x000001a43719e5e0 Unloading class 0x00000001000d0800 'java/lang/invoke/LambdaForm$MH+0x00000001000d0800'
Event: 234.978 Thread 0x000001a43719e5e0 Unloading class 0x00000001000d0400 'java/lang/invoke/LambdaForm$MH+0x00000001000d0400'
Event: 234.978 Thread 0x000001a43719e5e0 Unloading class 0x00000001000d0000 'java/lang/invoke/LambdaForm$MH+0x00000001000d0000'
Event: 234.978 Thread 0x000001a43719e5e0 Unloading class 0x00000001000cb800 'java/lang/invoke/LambdaForm$MH+0x00000001000cb800'
Event: 234.978 Thread 0x000001a43719e5e0 Unloading class 0x00000001000cb400 'java/lang/invoke/LambdaForm$MH+0x00000001000cb400'
Event: 234.978 Thread 0x000001a43719e5e0 Unloading class 0x00000001000cb000 'java/lang/invoke/LambdaForm$MH+0x00000001000cb000'
Event: 234.978 Thread 0x000001a43719e5e0 Unloading class 0x00000001000cac00 'java/lang/invoke/LambdaForm$MH+0x00000001000cac00'
Event: 234.978 Thread 0x000001a43719e5e0 Unloading class 0x00000001000ca800 'java/lang/invoke/LambdaForm$MH+0x00000001000ca800'
Event: 234.978 Thread 0x000001a43719e5e0 Unloading class 0x00000001000ca400 'java/lang/invoke/LambdaForm$MH+0x00000001000ca400'
Event: 234.978 Thread 0x000001a43719e5e0 Unloading class 0x00000001000c9c00 'java/lang/invoke/LambdaForm$MH+0x00000001000c9c00'
Event: 234.978 Thread 0x000001a43719e5e0 Unloading class 0x00000001000c9400 'java/lang/invoke/LambdaForm$MH+0x00000001000c9400'
Event: 234.978 Thread 0x000001a43719e5e0 Unloading class 0x00000001000c8c00 'java/lang/invoke/LambdaForm$MH+0x00000001000c8c00'
Event: 234.978 Thread 0x000001a43719e5e0 Unloading class 0x00000001000c8400 'java/lang/invoke/LambdaForm$MH+0x00000001000c8400'

Classes redefined (0 events):
No events

Internal exceptions (20 events):
Event: 28.746 Thread 0x000001a43c14e1e0 Exception <a 'sun/nio/fs/WindowsException'{0x00000000e71d8008}> (0x00000000e71d8008) 
thrown [s\src\hotspot\share\prims\jni.cpp, line 516]
Event: 28.747 Thread 0x000001a43c14e1e0 Exception <a 'sun/nio/fs/WindowsException'{0x00000000e71d82e8}> (0x00000000e71d82e8) 
thrown [s\src\hotspot\share\prims\jni.cpp, line 516]
Event: 28.755 Thread 0x000001a43c14e1e0 Exception <a 'sun/nio/fs/WindowsException'{0x00000000e6e68228}> (0x00000000e6e68228) 
thrown [s\src\hotspot\share\prims\jni.cpp, line 516]
Event: 28.755 Thread 0x000001a43c14e1e0 Exception <a 'sun/nio/fs/WindowsException'{0x00000000e6e684e8}> (0x00000000e6e684e8) 
thrown [s\src\hotspot\share\prims\jni.cpp, line 516]
Event: 28.755 Thread 0x000001a43c14e1e0 Exception <a 'sun/nio/fs/WindowsException'{0x00000000e6e69e38}> (0x00000000e6e69e38) 
thrown [s\src\hotspot\share\prims\jni.cpp, line 516]
Event: 28.755 Thread 0x000001a43c14e1e0 Exception <a 'sun/nio/fs/WindowsException'{0x00000000e6e6a118}> (0x00000000e6e6a118) 
thrown [s\src\hotspot\share\prims\jni.cpp, line 516]
Event: 28.897 Thread 0x000001a43c14e1e0 Exception <a 'sun/nio/fs/WindowsException'{0x00000000e4056078}> (0x00000000e4056078) 
thrown [s\src\hotspot\share\prims\jni.cpp, line 516]
Event: 28.897 Thread 0x000001a43c14e1e0 Exception <a 'sun/nio/fs/WindowsException'{0x00000000e4056368}> (0x00000000e4056368) 
thrown [s\src\hotspot\share\prims\jni.cpp, line 516]
Event: 28.897 Thread 0x000001a43c14e1e0 Exception <a 'sun/nio/fs/WindowsException'{0x00000000e4057d98}> (0x00000000e4057d98) 
thrown [s\src\hotspot\share\prims\jni.cpp, line 516]
Event: 28.897 Thread 0x000001a43c14e1e0 Exception <a 'sun/nio/fs/WindowsException'{0x00000000e40580a8}> (0x00000000e40580a8) 
thrown [s\src\hotspot\share\prims\jni.cpp, line 516]
Event: 28.898 Thread 0x000001a43c14e1e0 Exception <a 'sun/nio/fs/WindowsException'{0x00000000e4093478}> (0x00000000e4093478) 
thrown [s\src\hotspot\share\prims\jni.cpp, line 516]
Event: 28.898 Thread 0x000001a43c14e1e0 Exception <a 'sun/nio/fs/WindowsException'{0x00000000e4093778}> (0x00000000e4093778) 
thrown [s\src\hotspot\share\prims\jni.cpp, line 516]
Event: 28.898 Thread 0x000001a43c14e1e0 Exception <a 'sun/nio/fs/WindowsException'{0x00000000e40951c0}> (0x00000000e40951c0) 
thrown [s\src\hotspot\share\prims\jni.cpp, line 516]
Event: 28.898 Thread 0x000001a43c14e1e0 Exception <a 'sun/nio/fs/WindowsException'{0x00000000e40954e0}> (0x00000000e40954e0) 
thrown [s\src\hotspot\share\prims\jni.cpp, line 516]
Event: 28.899 Thread 0x000001a43c14e1e0 Exception <a 'sun/nio/fs/WindowsException'{0x00000000e40e44c0}> (0x00000000e40e44c0) 
thrown [s\src\hotspot\share\prims\jni.cpp, line 516]
Event: 28.899 Thread 0x000001a43c14e1e0 Exception <a 'sun/nio/fs/WindowsException'{0x00000000e40e4760}> (0x00000000e40e4760) 
thrown [s\src\hotspot\share\prims\jni.cpp, line 516]
Event: 28.899 Thread 0x000001a43c14e1e0 Exception <a 'sun/nio/fs/WindowsException'{0x00000000e40e6098}> (0x00000000e40e6098) 
thrown [s\src\hotspot\share\prims\jni.cpp, line 516]
Event: 28.899 Thread 0x000001a43c14e1e0 Exception <a 'sun/nio/fs/WindowsException'{0x00000000e40e6358}> (0x00000000e40e6358) 
thrown [s\src\hotspot\share\prims\jni.cpp, line 516]
Event: 60.061 Thread 0x000001a4385ac2e0 Exception <a 'java/lang/NoSuchMethodError'{0x00000000e3c02528}: 'void java.lang.invoke.DirectMethodHandle$Holder.invokeStatic(java.lang.Object, long)'> (0x00000000e3c02528) 
thrown [s\src\hotspot\share\interpreter\linkResolver.cpp, line 759]
Event: 60.061 Thread 0x000001a4385ac2e0 Exception <a 'java/lang/NoSuchMethodError'{0x00000000e3c078d8}: 'java.lang.Object java.lang.invoke.DirectMethodHandle$Holder.newInvokeSpecial(java.lang.Object, long)'> (0x00000000e3c078d8) 
thrown [s\src\hotspot\share\interpreter\linkResolver.cpp, line 759]

VM Operations (20 events):
Event: 318.266 Executing VM operation: G1CollectFull done
Event: 328.967 Executing VM operation: G1CollectFull
Event: 329.012 Executing VM operation: G1CollectFull done
Event: 339.648 Executing VM operation: G1CollectFull
Event: 339.693 Executing VM operation: G1CollectFull done
Event: 350.739 Executing VM operation: G1CollectFull
Event: 350.787 Executing VM operation: G1CollectFull done
Event: 362.420 Executing VM operation: G1CollectFull
Event: 362.467 Executing VM operation: G1CollectFull done
Event: 374.086 Executing VM operation: G1CollectFull
Event: 374.135 Executing VM operation: G1CollectFull done
Event: 385.225 Executing VM operation: G1CollectFull
Event: 385.273 Executing VM operation: G1CollectFull done
Event: 395.903 Executing VM operation: G1CollectFull
Event: 395.948 Executing VM operation: G1CollectFull done
Event: 407.850 Executing VM operation: G1CollectFull
Event: 407.897 Executing VM operation: G1CollectFull done
Event: 419.018 Executing VM operation: G1CollectFull
Event: 419.062 Executing VM operation: G1CollectFull done
Event: 429.243 Executing VM operation: G1CollectFull

Events (20 events):
Event: 60.013 loading class java/lang/Process done
Event: 60.013 loading class java/lang/ProcessImpl done
Event: 60.061 loading class java/lang/ProcessImpl$2
Event: 60.061 loading class java/lang/ProcessImpl$2 done
Event: 60.061 loading class java/lang/Process$PipeInputStream
Event: 60.062 loading class java/lang/Process$PipeInputStream done
Event: 60.063 loading class jdk/internal/event/ProcessStartEvent
Event: 60.063 loading class jdk/internal/event/ProcessStartEvent done
Event: 70.534 Thread 0x000001a439d6e990 Thread exited: 0x000001a439d6e990
Event: 71.456 Thread 0x000001a43c14b1c0 Thread exited: 0x000001a43c14b1c0
Event: 72.558 Thread 0x000001a439d75060 Thread exited: 0x000001a439d75060
Event: 72.574 Thread 0x000001a439d6e4c0 Thread exited: 0x000001a439d6e4c0
Event: 72.750 Thread 0x000001a439d78550 Thread exited: 0x000001a439d78550
Event: 81.178 Thread 0x000001a439d76870 Thread exited: 0x000001a439d76870
Event: 88.905 Thread 0x000001a43c14d840 Thread exited: 0x000001a43c14d840
Event: 141.179 Thread 0x000001a43c14cea0 Thread exited: 0x000001a43c14cea0
Event: 148.913 Thread 0x000001a43c14b690 Thread exited: 0x000001a43c14b690
Event: 208.915 Thread 0x000001a43c14acf0 Thread exited: 0x000001a43c14acf0
Event: 268.921 Thread 0x000001a43c14c030 Thread exited: 0x000001a43c14c030
Event: 328.935 Thread 0x000001a43c14c500 Thread exited: 0x000001a43c14c500


Dynamic libraries:
0x00007ff7380d0000 - 0x00007ff7380de000 	c:\Users\betaz\.vscode\extensions\redhat.java-1.14.0-win32-x64\jre\17.0.5-win32-x86_64\bin\java.exe
0x00007ff83ed50000 - 0x00007ff83ef48000 	C:\WINDOWS\SYSTEM32\ntdll.dll
0x00007ff839d40000 - 0x00007ff839d57000 	C:\Program Files\AVG\Antivirus\aswhook.dll
0x00007ff83e310000 - 0x00007ff83e3cf000 	C:\WINDOWS\System32\KERNEL32.DLL
0x00007ff83ca20000 - 0x00007ff83ccf2000 	C:\WINDOWS\System32\KERNELBASE.dll
0x00007ff83c750000 - 0x00007ff83c850000 	C:\WINDOWS\System32\ucrtbase.dll
0x00007ff833900000 - 0x00007ff833919000 	c:\Users\betaz\.vscode\extensions\redhat.java-1.14.0-win32-x64\jre\17.0.5-win32-x86_64\bin\VCRUNTIME140.dll
0x00007ff834570000 - 0x00007ff834587000 	c:\Users\betaz\.vscode\extensions\redhat.java-1.14.0-win32-x64\jre\17.0.5-win32-x86_64\bin\jli.dll
0x00007ff83eb60000 - 0x00007ff83ed01000 	C:\WINDOWS\System32\USER32.dll
0x00007ff83c440000 - 0x00007ff83c462000 	C:\WINDOWS\System32\win32u.dll
0x00007ff82e380000 - 0x00007ff82e61a000 	C:\WINDOWS\WinSxS\amd64_microsoft.windows.common-controls_6595b64144ccf1df_6.0.19041.1110_none_60b5254171f9507e\COMCTL32.dll
0x00007ff83e2a0000 - 0x00007ff83e2cb000 	C:\WINDOWS\System32\GDI32.dll
0x00007ff83d2d0000 - 0x00007ff83d36e000 	C:\WINDOWS\System32\msvcrt.dll
0x00007ff83c470000 - 0x00007ff83c57f000 	C:\WINDOWS\System32\gdi32full.dll
0x00007ff83c850000 - 0x00007ff83c8ed000 	C:\WINDOWS\System32\msvcp_win.dll
0x00007ff83e2d0000 - 0x00007ff83e302000 	C:\WINDOWS\System32\IMM32.DLL
0x00007ff837050000 - 0x00007ff83705c000 	c:\Users\betaz\.vscode\extensions\redhat.java-1.14.0-win32-x64\jre\17.0.5-win32-x86_64\bin\vcruntime140_1.dll
0x00007fffe0d60000 - 0x00007fffe0df1000 	c:\Users\betaz\.vscode\extensions\redhat.java-1.14.0-win32-x64\jre\17.0.5-win32-x86_64\bin\msvcp140.dll
0x00007fffd45e0000 - 0x00007fffd5224000 	c:\Users\betaz\.vscode\extensions\redhat.java-1.14.0-win32-x64\jre\17.0.5-win32-x86_64\bin\server\jvm.dll
0x00007ff83e580000 - 0x00007ff83e62e000 	C:\WINDOWS\System32\ADVAPI32.dll
0x00007ff83e1a0000 - 0x00007ff83e23c000 	C:\WINDOWS\System32\sechost.dll
0x00007ff83ce20000 - 0x00007ff83cf45000 	C:\WINDOWS\System32\RPCRT4.dll
0x00007ff8272c0000 - 0x00007ff8272c9000 	C:\WINDOWS\SYSTEM32\WSOCK32.dll
0x00007ff83e4b0000 - 0x00007ff83e51b000 	C:\WINDOWS\System32\WS2_32.dll
0x00007ff82ed70000 - 0x00007ff82ed97000 	C:\WINDOWS\SYSTEM32\WINMM.dll
0x00007ff836260000 - 0x00007ff83626a000 	C:\WINDOWS\SYSTEM32\VERSION.dll
0x00007ff83a240000 - 0x00007ff83a252000 	C:\WINDOWS\SYSTEM32\kernel.appcore.dll
0x00007ff8364f0000 - 0x00007ff8364fa000 	c:\Users\betaz\.vscode\extensions\redhat.java-1.14.0-win32-x64\jre\17.0.5-win32-x86_64\bin\jimage.dll
0x00007ff833bc0000 - 0x00007ff833da4000 	C:\WINDOWS\SYSTEM32\DBGHELP.DLL
0x00007ff832fb0000 - 0x00007ff832fe5000 	C:\WINDOWS\SYSTEM32\dbgcore.DLL
0x00007ff83cd00000 - 0x00007ff83cd82000 	C:\WINDOWS\System32\bcryptPrimitives.dll
0x00007ff832f20000 - 0x00007ff832f45000 	c:\Users\betaz\.vscode\extensions\redhat.java-1.14.0-win32-x64\jre\17.0.5-win32-x86_64\bin\java.dll
0x00007ff832c60000 - 0x00007ff832c78000 	c:\Users\betaz\.vscode\extensions\redhat.java-1.14.0-win32-x64\jre\17.0.5-win32-x86_64\bin\zip.dll
0x00007ff83d4b0000 - 0x00007ff83dbf4000 	C:\WINDOWS\System32\SHELL32.dll
0x00007ff83a520000 - 0x00007ff83acb2000 	C:\WINDOWS\SYSTEM32\windows.storage.dll
0x00007ff83de40000 - 0x00007ff83e195000 	C:\WINDOWS\System32\combase.dll
0x00007ff83bdc0000 - 0x00007ff83bdf0000 	C:\WINDOWS\SYSTEM32\Wldp.dll
0x00007ff83eaa0000 - 0x00007ff83eb4d000 	C:\WINDOWS\System32\SHCORE.dll
0x00007ff83e240000 - 0x00007ff83e295000 	C:\WINDOWS\System32\shlwapi.dll
0x00007ff83c380000 - 0x00007ff83c39f000 	C:\WINDOWS\SYSTEM32\profapi.dll
0x00007ff832c40000 - 0x00007ff832c59000 	C:\Users\betaz\.vscode\extensions\redhat.java-1.14.0-win32-x64\jre\17.0.5-win32-x86_64\bin\net.dll
0x00007ff8356d0000 - 0x00007ff8357dc000 	C:\WINDOWS\SYSTEM32\WINHTTP.dll
0x00007ff83bb20000 - 0x00007ff83bb8a000 	C:\WINDOWS\system32\mswsock.dll
0x00007ff830660000 - 0x00007ff830675000 	C:\Users\betaz\.vscode\extensions\redhat.java-1.14.0-win32-x64\jre\17.0.5-win32-x86_64\bin\nio.dll
0x00007ff834840000 - 0x00007ff834850000 	c:\Users\betaz\.vscode\extensions\redhat.java-1.14.0-win32-x64\jre\17.0.5-win32-x86_64\bin\verify.dll
0x00007ff83bd10000 - 0x00007ff83bd28000 	C:\WINDOWS\SYSTEM32\CRYPTSP.dll
0x00007ff83b440000 - 0x00007ff83b474000 	C:\WINDOWS\system32\rsaenh.dll
0x00007ff83c9a0000 - 0x00007ff83c9c7000 	C:\WINDOWS\System32\bcrypt.dll
0x00007ff83c300000 - 0x00007ff83c32e000 	C:\WINDOWS\SYSTEM32\USERENV.dll
0x00007ff83bd30000 - 0x00007ff83bd3c000 	C:\WINDOWS\SYSTEM32\CRYPTBASE.dll
0x00007ff83b810000 - 0x00007ff83b84b000 	C:\WINDOWS\SYSTEM32\IPHLPAPI.DLL
0x00007ff83eb50000 - 0x00007ff83eb58000 	C:\WINDOWS\System32\NSI.dll
0x00007ff8361e0000 - 0x00007ff8361f7000 	C:\WINDOWS\SYSTEM32\dhcpcsvc6.DLL
0x00007ff836240000 - 0x00007ff83625d000 	C:\WINDOWS\SYSTEM32\dhcpcsvc.DLL
0x00007ff83b850000 - 0x00007ff83b91a000 	C:\WINDOWS\SYSTEM32\DNSAPI.dll
0x00007ff8340e0000 - 0x00007ff8340e9000 	C:\Users\betaz\.vscode\extensions\redhat.java-1.14.0-win32-x64\jre\17.0.5-win32-x86_64\bin\management.dll
0x00007ff8338f0000 - 0x00007ff8338fb000 	C:\Users\betaz\.vscode\extensions\redhat.java-1.14.0-win32-x64\jre\17.0.5-win32-x86_64\bin\management_ext.dll
0x00007ff83d4a0000 - 0x00007ff83d4a8000 	C:\WINDOWS\System32\PSAPI.DLL
0x00007ff839dc0000 - 0x00007ff839dce000 	C:\Users\betaz\.vscode\extensions\redhat.java-1.14.0-win32-x64\jre\17.0.5-win32-x86_64\bin\sunmscapi.dll
0x00007ff83c580000 - 0x00007ff83c6d6000 	C:\WINDOWS\System32\CRYPT32.dll
0x00007ff83be30000 - 0x00007ff83be57000 	C:\WINDOWS\SYSTEM32\ncrypt.dll
0x00007ff83bdf0000 - 0x00007ff83be2b000 	C:\WINDOWS\SYSTEM32\NTASN1.dll
0x00000000700c0000 - 0x00000000700e6000 	C:\Program Files\Bonjour\mdnsNSP.dll
0x00007ff830120000 - 0x00007ff83012a000 	C:\Windows\System32\rasadhlp.dll
0x00007ff830130000 - 0x00007ff8301b0000 	C:\WINDOWS\System32\fwpuclnt.dll
0x000000006c500000 - 0x000000006c5c7000 	C:\Users\betaz\AppData\Local\Temp\snappy-1.1.8-6d776bb7-a7e7-4fb3-b88d-8e05b853d2aa-snappyjava.dll

dbghelp: loaded successfully - version: 4.0.5 - missing functions: none
symbol engine: initialized successfully - sym options: 0x614 - pdb path: .;c:\Users\betaz\.vscode\extensions\redhat.java-1.14.0-win32-x64\jre\17.0.5-win32-x86_64\bin;C:\WINDOWS\SYSTEM32;C:\Program Files\AVG\Antivirus;C:\WINDOWS\WinSxS\amd64_microsoft.windows.common-controls_6595b64144ccf1df_6.0.19041.1110_none_60b5254171f9507e;c:\Users\betaz\.vscode\extensions\redhat.java-1.14.0-win32-x64\jre\17.0.5-win32-x86_64\bin\server;C:\Program Files\Bonjour;C:\Users\betaz\AppData\Local\Temp

VM Arguments:
jvm_args: -XX:+HeapDumpOnOutOfMemoryError -Xmx1024m -Dsts.lsp.client=vscode -Dsts.log.file=/dev/null -XX:TieredStopAtLevel=1 -Xlog:jni+resolve=off -Dspring.config.location=file:c:\Users\betaz\.vscode\extensions\vmware.vscode-spring-boot-1.44.0\language-server\BOOT-INF\classes\application.properties 
java_command: org.springframework.ide.vscode.boot.app.BootLanguageServerBootApp
java_class_path (initial): c:\Users\betaz\.vscode\extensions\vmware.vscode-spring-boot-1.44.0\language-server\BOOT-INF\classes;c:\Users\betaz\.vscode\extensions\vmware.vscode-spring-boot-1.44.0\language-server\BOOT-INF\lib\annotations-24.0.0.jar;c:\Users\betaz\.vscode\extensions\vmware.vscode-spring-boot-1.44.0\language-server\BOOT-INF\lib\ant-1.10.13.jar;c:\Users\betaz\.vscode\extensions\vmware.vscode-spring-boot-1.44.0\language-server\BOOT-INF\lib\ant-launcher-1.10.13.jar;c:\Users\betaz\.vscode\extensions\vmware.vscode-spring-boot-1.44.0\language-server\BOOT-INF\lib\antlr-runtime-3.5.2.jar;c:\Users\betaz\.vscode\extensions\vmware.vscode-spring-boot-1.44.0\language-server\BOOT-INF\lib\antlr4-4.9.3.jar;c:\Users\betaz\.vscode\extensions\vmware.vscode-spring-boot-1.44.0\language-server\BOOT-INF\lib\antlr4-runtime-4.9.3.jar;c:\Users\betaz\.vscode\extensions\vmware.vscode-spring-boot-1.44.0\language-server\BOOT-INF\lib\apiguardian-api-1.1.2.jar;c:\Users\betaz\.vscode\extensions\vmware.vscode-spring-boot-1.44.0\language-server\BOOT-INF\lib\asm-9.4.jar;c:\Users\betaz\.vscode\extensions\vmware.vscode-spring-boot-1.44.0\language-server\BOOT-INF\lib\asm-analysis-9.4.jar;c:\Users\betaz\.vscode\extensions\vmware.vscode-spring-boot-1.44.0\language-server\BOOT-INF\lib\asm-tree-9.4.jar;c:\Users\betaz\.vscode\extensions\vmware.vscode-spring-boot-1.44.0\language-server\BOOT-INF\lib\asm-util-9.4.jar;c:\Users\betaz\.vscode\extensions\vmware.vscode-spring-boot-1.44.0\language-server\BOOT-INF\lib\caffeine-3.1.2.jar;c:\Users\betaz\.vscode\extensions\vmware.vscode-spring-boot-1.44.0\language-server\BOOT-INF\lib\checker-qual-3.12.0.jar;c:\Users\betaz\.vscode\extensions\vmware.vscode-spring-boot-1.44.0\language-server\BOOT-INF\lib\ci-environment-9.1.0.jar;c:\Users\betaz\.vscode\extensions\vmware.vscode-spring-boot-1.44.0\language-server\BOOT-INF\lib\classgraph-4.8.149.jar;c:\Users\betaz\.vscode\extensions\vmware.vscode-spring-boot-1.44.0\language-server\BOOT-INF\lib\commons-codec-1.15.ja
Launcher Type: SUN_STANDARD

[Global flags]
     intx CICompilerCount                          = 3                                         {product} {ergonomic}
     uint ConcGCThreads                            = 1                                         {product} {ergonomic}
     uint G1ConcRefinementThreads                  = 4                                         {product} {ergonomic}
   size_t G1HeapRegionSize                         = 1048576                                   {product} {ergonomic}
    uintx GCDrainStackTargetSize                   = 64                                        {product} {ergonomic}
     bool HeapDumpOnOutOfMemoryError               = true                                   {manageable} {command line}
   size_t InitialHeapSize                          = 134217728                                 {product} {ergonomic}
   size_t MarkStackSize                            = 4194304                                   {product} {ergonomic}
   size_t MaxHeapSize                              = 1073741824                                {product} {command line}
   size_t MaxNewSize                               = 643825664                                 {product} {ergonomic}
   size_t MinHeapDeltaBytes                        = 1048576                                   {product} {ergonomic}
   size_t MinHeapSize                              = 8388608                                   {product} {ergonomic}
    uintx NonProfiledCodeHeapSize                  = 0                                      {pd product} {ergonomic}
     bool ProfileInterpreter                       = false                                  {pd product} {command line}
    uintx ProfiledCodeHeapSize                     = 0                                      {pd product} {ergonomic}
   size_t SoftMaxHeapSize                          = 1073741824                             {manageable} {ergonomic}
     intx TieredStopAtLevel                        = 1                                         {product} {command line}
     bool UseCompressedClassPointers               = true                           {product lp64_product} {ergonomic}
     bool UseCompressedOops                        = true                           {product lp64_product} {ergonomic}
     bool UseG1GC                                  = true                                      {product} {ergonomic}
     bool UseLargePagesIndividualAllocation        = false                                  {pd product} {ergonomic}

Logging:
Log output configuration:
 #0: stdout all=warning,jni+resolve=off uptime,level,tags
 #1: stderr all=off uptime,level,tags

Environment Variables:
JAVA_HOME=C:\Program Files\Java\jdk-11.0.16.1
PATH=C:\Program Files\Common Files\Oracle\Java\javapath;C:\Program Files (x86)\Common Files\Oracle\Java\javapath;C:\WINDOWS\system32;C:\WINDOWS;C:\WINDOWS\System32\Wbem;C:\WINDOWS\System32\WindowsPowerShell\v1.0\;C:\WINDOWS\System32\OpenSSH\;C:\Program Files\AutoFirma\AutoFirma;C:\Program Files\Git\cmd;C:\Program Files\nodejs\;G:\XAMPP\php;G:\Composer;C:\Users\betaz\AppData\Local\Programs\Eclipse Adoptium\jdk-17.0.5.8-hotspot\bin;C:\Users\betaz\AppData\Local\Microsoft\WindowsApps;C:\Users\betaz\AppData\Local\Programs\Microsoft VS Code\bin;C:\Users\betaz\AppData\Roaming\npm;C:\Users\betaz\AppData\Roaming\Composer\vendor\bin;C:\Program Files\Java\jdk-11.0.16.1\bin;C:\Program Files\apache-maven-3.8.7\bin;
USERNAME=betaz
OS=Windows_NT
PROCESSOR_IDENTIFIER=Intel64 Family 6 Model 60 Stepping 3, GenuineIntel
TMP=C:\Users\betaz\AppData\Local\Temp
TEMP=C:\Users\betaz\AppData\Local\Temp



---------------  S Y S T E M  ---------------

OS:
 Windows 10 , 64 bit Build 19041 (10.0.19041.2364)
OS uptime: 2 days 2:12 hours

CPU: total 4 (initial active 4) (4 cores per cpu, 1 threads per core) family 6 model 60 stepping 3 microcode 0x27, cx8, cmov, fxsr, mmx, sse, sse2, sse3, ssse3, sse4.1, sse4.2, popcnt, lzcnt, tsc, tscinvbit, avx, avx2, aes, erms, clmul, bmi1, bmi2, fma, vzeroupper, clflush

Memory: 4k page, system-wide physical 8085M (468M free)
TotalPageFile size 32661M (AvailPageFile size 102M)
current process WorkingSet (physical memory assigned to process): 384M, peak: 847M
current process commit charge ("private bytes"): 452M, peak: 851M

vm_info: OpenJDK 64-Bit Server VM (17.0.5+8) for windows-amd64 JRE (17.0.5+8), built on Oct 19 2022 04:48:13 by "temurin" with MS VC++ 16.7 (VS2019)

END.
